Using pre-set license

 COMMAND LINE ARGUMENTS:
/Applications/Unity/Hub/Editor/2020.3.7f1/Unity.app/Contents/MacOS/Unity
-adb2
-batchMode
-noUpm
-name
AssetImportWorker0
-projectPath
/Users/jeffrey/Documents/GitHub/Unity-BalloonBattle/TankBattle
-logFile
Logs/AssetImportWorker0.log
-srvPort
50908
Successfully changed project path to: /Users/jeffrey/Documents/GitHub/Unity-BalloonBattle/TankBattle
/Users/jeffrey/Documents/GitHub/Unity-BalloonBattle/TankBattle
Using Asset Import Pipeline V2.
Refreshing native plugins compatible for Editor in 41.80 ms, found 1 plugins.
Preloading 0 native plugins for Editor in 0.00 ms.
Initialize engine version: 2020.3.7f1 (dd97f2c94397)
[Subsystems] Discovering subsystems at path /Applications/Unity/Hub/Editor/2020.3.7f1/Unity.app/Contents/Resources/UnitySubsystems
[Subsystems] Discovering subsystems at path /Users/jeffrey/Documents/GitHub/Unity-BalloonBattle/TankBattle/Assets
GfxDevice: creating device client; threaded=0
2021-05-25 10:35:41.522 Unity[56844:2375400] Color LCD preferred device: Intel(R) UHD Graphics 630 (low power)
2021-05-25 10:35:41.522 Unity[56844:2375400] Metal devices available: 2
2021-05-25 10:35:41.522 Unity[56844:2375400] 0: AMD Radeon Pro 5300M (high power)
2021-05-25 10:35:41.522 Unity[56844:2375400] 1: Intel(R) UHD Graphics 630 (low power)
2021-05-25 10:35:41.523 Unity[56844:2375400] Using device AMD Radeon Pro 5300M (high power)
Initializing Metal device caps: AMD Radeon Pro 5300M
Initialize mono
Mono path[0] = '/Applications/Unity/Hub/Editor/2020.3.7f1/Unity.app/Contents/Managed'
Mono path[1] = '/Applications/Unity/Hub/Editor/2020.3.7f1/Unity.app/Contents/MonoBleedingEdge/lib/mono/unityjit'
Mono config path = '/Applications/Unity/Hub/Editor/2020.3.7f1/Unity.app/Contents/MonoBleedingEdge/etc'
Using monoOptions --debugger-agent=transport=dt_socket,embedding=1,server=y,suspend=n,address=127.0.0.1:56844
Begin MonoManager ReloadAssembly
Registering precompiled unity dll's ...
Register platform support module: /Applications/Unity/Hub/Editor/2020.3.7f1/Unity.app/Contents/PlaybackEngines/MacStandaloneSupport/UnityEditor.OSXStandalone.Extensions.dll
Registered in 0.000562 seconds.
Native extension for OSXStandalone target not found
Refreshing native plugins compatible for Editor in 36.66 ms, found 1 plugins.
Preloading 0 native plugins for Editor in 0.00 ms.
Mono: successfully reloaded assembly
- Completed reload, in  1.496 seconds
Platform modules already initialized, skipping
Registering precompiled user dll's ...
Registered in 0.003582 seconds.
Begin MonoManager ReloadAssembly
Symbol file LoadedFromMemory doesn't match image /Users/jeffrey/Documents/GitHub/Unity-BalloonBattle/TankBattle/Library/PackageCache/com.unity.ext.nunit@1.0.0/net35/unity-custom/nunit.framework.dll
Native extension for OSXStandalone target not found
Refreshing native plugins compatible for Editor in 0.43 ms, found 1 plugins.
Preloading 0 native plugins for Editor in 0.00 ms.
Mono: successfully reloaded assembly
- Completed reload, in  1.164 seconds
Platform modules already initialized, skipping
========================================================================
Worker process is ready to serve import requests
Launching external process: /Applications/Unity/Hub/Editor/2020.3.7f1/Unity.app/Contents/Tools/UnityShaderCompiler
Launched and connected shader compiler UnityShaderCompiler after 0.02 seconds
Refreshing native plugins compatible for Editor in 0.36 ms, found 1 plugins.
Preloading 0 native plugins for Editor in 0.00 ms.
Unloading 1429 Unused Serialized files (Serialized files now loaded: 0)
System memory in use before: 144.5 MB.
System memory in use after: 144.6 MB.

Unloading 23 unused Assets to reduce memory usage. Loaded Objects now: 1865.
Total: 2.100683 ms (FindLiveObjects: 0.167406 ms CreateObjectMapping: 0.049610 ms MarkObjects: 1.801466 ms  DeleteObjects: 0.081121 ms)

========================================================================
Received Import Request.
  path: Assets/RPG Pack/Materials/Stars_particles.mat
  artifactKey: Guid(f47e41e4ec1f46641a912dd7f8b381d9) Importer(815301076,1909f56bfc062723c751e8b465ee728b)
Start importing Assets/RPG Pack/Materials/Stars_particles.mat using Guid(f47e41e4ec1f46641a912dd7f8b381d9) Importer(815301076,1909f56bfc062723c751e8b465ee728b)  -> (artifact id: '2cdb5cb38cf7b0b87940f41fabc3cc6f') in 1.251856 seconds
  Import took 1.255582 seconds .

========================================================================
Received Import Request.
  Time since last request: 0.000226 seconds.
  path: Assets/RPG Pack/Materials/Bottle_blue.mat
  artifactKey: Guid(c7b5ee6d805865f4d87c945585777026) Importer(815301076,1909f56bfc062723c751e8b465ee728b)
Start importing Assets/RPG Pack/Materials/Bottle_blue.mat using Guid(c7b5ee6d805865f4d87c945585777026) Importer(815301076,1909f56bfc062723c751e8b465ee728b)  -> (artifact id: '7b10006a1680aae0ef3603753f6baeee') in 0.021721 seconds
  Import took 0.024328 seconds .

========================================================================
Received Import Request.
  Time since last request: 0.000187 seconds.
  path: Assets/RPG Pack/Materials/Coin.mat
  artifactKey: Guid(78e53f773c1253e42a517e179f18734b) Importer(815301076,1909f56bfc062723c751e8b465ee728b)
Start importing Assets/RPG Pack/Materials/Coin.mat using Guid(78e53f773c1253e42a517e179f18734b) Importer(815301076,1909f56bfc062723c751e8b465ee728b)  -> (artifact id: 'eafa1fcdd107f208622e88bd10a49c80') in 0.016018 seconds
  Import took 0.018740 seconds .

========================================================================
Received Import Request.
  Time since last request: 0.000208 seconds.
  path: Assets/RPG Pack/Materials/Glow_particles.mat
  artifactKey: Guid(40d4c3afc57e51f4ea3afcc23e8db70c) Importer(815301076,1909f56bfc062723c751e8b465ee728b)
Start importing Assets/RPG Pack/Materials/Glow_particles.mat using Guid(40d4c3afc57e51f4ea3afcc23e8db70c) Importer(815301076,1909f56bfc062723c751e8b465ee728b)  -> (artifact id: '1170e563fb7d77e058240178bd114b97') in 0.020041 seconds
  Import took 0.023100 seconds .

========================================================================
Received Import Request.
  Time since last request: 0.000198 seconds.
  path: Assets/RPG Pack/Materials/Bottle_green.mat
  artifactKey: Guid(fb276041f4776ba4ca924be1e46d1148) Importer(815301076,1909f56bfc062723c751e8b465ee728b)
Start importing Assets/RPG Pack/Materials/Bottle_green.mat using Guid(fb276041f4776ba4ca924be1e46d1148) Importer(815301076,1909f56bfc062723c751e8b465ee728b)  -> (artifact id: '711f90c1fb0e9df0f9211ea0e4b859a6') in 0.011863 seconds
  Import took 0.014786 seconds .

========================================================================
Received Import Request.
  Time since last request: 0.000205 seconds.
  path: Assets/RPG Pack/Materials/Box_Of_Pandora.mat
  artifactKey: Guid(3f6e773f4260ae14f907c9819b40b281) Importer(815301076,1909f56bfc062723c751e8b465ee728b)
Start importing Assets/RPG Pack/Materials/Box_Of_Pandora.mat using Guid(3f6e773f4260ae14f907c9819b40b281) Importer(815301076,1909f56bfc062723c751e8b465ee728b)  -> (artifact id: '5c0b0cf57c1eb5f258d9dd89dbafba17') in 0.013712 seconds
  Import took 0.016478 seconds .

========================================================================
Received Import Request.
  Time since last request: 0.000250 seconds.
  path: Assets/RPG Pack/Materials/Dust_particles.mat
  artifactKey: Guid(566428f457572c249a5ec48d349f2488) Importer(815301076,1909f56bfc062723c751e8b465ee728b)
Start importing Assets/RPG Pack/Materials/Dust_particles.mat using Guid(566428f457572c249a5ec48d349f2488) Importer(815301076,1909f56bfc062723c751e8b465ee728b)  -> (artifact id: 'fb8d4fb65ef59e00c4921c749eb64fe5') in 0.008569 seconds
  Import took 0.011318 seconds .

========================================================================
Received Import Request.
  Time since last request: 0.000211 seconds.
  path: Assets/Scenes/Game.unity
  artifactKey: Guid(9fc0d4010bbf28b4594072e72b8655ab) Importer(815301076,1909f56bfc062723c751e8b465ee728b)
Start importing Assets/Scenes/Game.unity using Guid(9fc0d4010bbf28b4594072e72b8655ab) Importer(815301076,1909f56bfc062723c751e8b465ee728b)  -> (artifact id: 'ab3101411cb311c45ab9c06c1f87aa92') in 0.001399 seconds
  Import took 0.003989 seconds .

========================================================================
Received Import Request.
  Time since last request: 0.000205 seconds.
  path: Assets/RPG Pack/Materials/Bottle_red.mat
  artifactKey: Guid(13dcb46a756acb54487e0e6e6ad96506) Importer(815301076,1909f56bfc062723c751e8b465ee728b)
Start importing Assets/RPG Pack/Materials/Bottle_red.mat using Guid(13dcb46a756acb54487e0e6e6ad96506) Importer(815301076,1909f56bfc062723c751e8b465ee728b)  -> (artifact id: '0df7861c78c87e1523618c36a134c848') in 0.010375 seconds
  Import took 0.013184 seconds .

========================================================================
Received Prepare
Registering precompiled user dll's ...
Registered in 0.004060 seconds.
Begin MonoManager ReloadAssembly
Symbol file LoadedFromMemory doesn't match image /Users/jeffrey/Documents/GitHub/Unity-BalloonBattle/TankBattle/Library/PackageCache/com.unity.ext.nunit@1.0.0/net35/unity-custom/nunit.framework.dll
Native extension for OSXStandalone target not found
Refreshing native plugins compatible for Editor in 0.36 ms, found 1 plugins.
Preloading 0 native plugins for Editor in 0.00 ms.
Mono: successfully reloaded assembly
- Completed reload, in  1.187 seconds
Platform modules already initialized, skipping
Refreshing native plugins compatible for Editor in 0.39 ms, found 1 plugins.
Preloading 0 native plugins for Editor in 0.00 ms.
Unloading 1409 Unused Serialized files (Serialized files now loaded: 0)
System memory in use before: 151.5 MB.
System memory in use after: 151.6 MB.

Unloading 18 unused Assets to reduce memory usage. Loaded Objects now: 1907.
Total: 2.022133 ms (FindLiveObjects: 0.189864 ms CreateObjectMapping: 0.063825 ms MarkObjects: 1.744778 ms  DeleteObjects: 0.022175 ms)

========================================================================
Received Import Request.
  Time since last request: 19.323905 seconds.
  path: Assets/Missiles/BlueRocket.prefab
  artifactKey: Guid(517acb0350d861042ae93de85999a727) Importer(815301076,1909f56bfc062723c751e8b465ee728b)
Start importing Assets/Missiles/BlueRocket.prefab using Guid(517acb0350d861042ae93de85999a727) Importer(815301076,1909f56bfc062723c751e8b465ee728b)  -> (artifact id: 'c8cd9970dd321278e24fbfc8f18af296') in 0.439964 seconds
  Import took 0.443021 seconds .

========================================================================
Received Prepare
Registering precompiled user dll's ...
Registered in 0.006678 seconds.
Begin MonoManager ReloadAssembly
Symbol file LoadedFromMemory doesn't match image /Users/jeffrey/Documents/GitHub/Unity-BalloonBattle/TankBattle/Library/PackageCache/com.unity.ext.nunit@1.0.0/net35/unity-custom/nunit.framework.dll
Native extension for OSXStandalone target not found
Refreshing native plugins compatible for Editor in 0.39 ms, found 1 plugins.
Preloading 0 native plugins for Editor in 0.00 ms.
Mono: successfully reloaded assembly
- Completed reload, in  1.420 seconds
Platform modules already initialized, skipping
Refreshing native plugins compatible for Editor in 0.40 ms, found 1 plugins.
Preloading 0 native plugins for Editor in 0.00 ms.
Unloading 1409 Unused Serialized files (Serialized files now loaded: 0)
System memory in use before: 156.0 MB.
System memory in use after: 156.1 MB.

Unloading 18 unused Assets to reduce memory usage. Loaded Objects now: 1910.
Total: 2.337015 ms (FindLiveObjects: 0.232271 ms CreateObjectMapping: 0.100728 ms MarkObjects: 1.976157 ms  DeleteObjects: 0.026312 ms)

========================================================================
Received Import Request.
  Time since last request: 14.179305 seconds.
  path: Assets/Missiles/BlueRocket.prefab
  artifactKey: Guid(517acb0350d861042ae93de85999a727) Importer(815301076,1909f56bfc062723c751e8b465ee728b)
Start importing Assets/Missiles/BlueRocket.prefab using Guid(517acb0350d861042ae93de85999a727) Importer(815301076,1909f56bfc062723c751e8b465ee728b)  -> (artifact id: '58f9c60115436dfbd45d957a1765be07') in 0.078923 seconds
  Import took 0.081883 seconds .

========================================================================
Received Prepare
Registering precompiled user dll's ...
Registered in 0.005843 seconds.
Begin MonoManager ReloadAssembly
Symbol file LoadedFromMemory doesn't match image /Users/jeffrey/Documents/GitHub/Unity-BalloonBattle/TankBattle/Library/PackageCache/com.unity.ext.nunit@1.0.0/net35/unity-custom/nunit.framework.dll
Native extension for OSXStandalone target not found
Refreshing native plugins compatible for Editor in 0.42 ms, found 1 plugins.
Preloading 0 native plugins for Editor in 0.00 ms.
Mono: successfully reloaded assembly
- Completed reload, in  1.125 seconds
Platform modules already initialized, skipping
Refreshing native plugins compatible for Editor in 0.40 ms, found 1 plugins.
Preloading 0 native plugins for Editor in 0.00 ms.
Unloading 1409 Unused Serialized files (Serialized files now loaded: 0)
System memory in use before: 156.4 MB.
System memory in use after: 156.5 MB.

Unloading 18 unused Assets to reduce memory usage. Loaded Objects now: 1913.
Total: 1.605432 ms (FindLiveObjects: 0.154694 ms CreateObjectMapping: 0.046091 ms MarkObjects: 1.388723 ms  DeleteObjects: 0.015081 ms)

========================================================================
Received Prepare
Registering precompiled user dll's ...
Registered in 0.006073 seconds.
Begin MonoManager ReloadAssembly
Symbol file LoadedFromMemory doesn't match image /Users/jeffrey/Documents/GitHub/Unity-BalloonBattle/TankBattle/Library/PackageCache/com.unity.ext.nunit@1.0.0/net35/unity-custom/nunit.framework.dll
Native extension for OSXStandalone target not found
Refreshing native plugins compatible for Editor in 0.42 ms, found 1 plugins.
Preloading 0 native plugins for Editor in 0.00 ms.
Mono: successfully reloaded assembly
- Completed reload, in  1.187 seconds
Platform modules already initialized, skipping
Refreshing native plugins compatible for Editor in 0.40 ms, found 1 plugins.
Preloading 0 native plugins for Editor in 0.00 ms.
Unloading 1409 Unused Serialized files (Serialized files now loaded: 0)
System memory in use before: 156.6 MB.
System memory in use after: 156.7 MB.

Unloading 18 unused Assets to reduce memory usage. Loaded Objects now: 1915.
Total: 2.079546 ms (FindLiveObjects: 0.180746 ms CreateObjectMapping: 0.043224 ms MarkObjects: 1.833587 ms  DeleteObjects: 0.020492 ms)

========================================================================
Received Prepare
Registering precompiled user dll's ...
Registered in 0.002956 seconds.
Begin MonoManager ReloadAssembly
Symbol file LoadedFromMemory doesn't match image /Users/jeffrey/Documents/GitHub/Unity-BalloonBattle/TankBattle/Library/PackageCache/com.unity.ext.nunit@1.0.0/net35/unity-custom/nunit.framework.dll
Native extension for OSXStandalone target not found
Refreshing native plugins compatible for Editor in 0.48 ms, found 1 plugins.
Preloading 0 native plugins for Editor in 0.00 ms.
Mono: successfully reloaded assembly
- Completed reload, in  1.382 seconds
Platform modules already initialized, skipping
Refreshing native plugins compatible for Editor in 0.92 ms, found 1 plugins.
Preloading 0 native plugins for Editor in 0.00 ms.
Unloading 1409 Unused Serialized files (Serialized files now loaded: 0)
System memory in use before: 156.9 MB.
System memory in use after: 157.0 MB.

Unloading 18 unused Assets to reduce memory usage. Loaded Objects now: 1917.
Total: 3.090930 ms (FindLiveObjects: 0.292162 ms CreateObjectMapping: 0.075925 ms MarkObjects: 2.696360 ms  DeleteObjects: 0.023877 ms)

========================================================================
Received Prepare
Registering precompiled user dll's ...
Registered in 0.005104 seconds.
Begin MonoManager ReloadAssembly
Symbol file LoadedFromMemory doesn't match image /Users/jeffrey/Documents/GitHub/Unity-BalloonBattle/TankBattle/Library/PackageCache/com.unity.ext.nunit@1.0.0/net35/unity-custom/nunit.framework.dll
Native extension for OSXStandalone target not found
Refreshing native plugins compatible for Editor in 0.40 ms, found 1 plugins.
Preloading 0 native plugins for Editor in 0.00 ms.
Mono: successfully reloaded assembly
- Completed reload, in  1.170 seconds
Platform modules already initialized, skipping
Refreshing native plugins compatible for Editor in 0.39 ms, found 1 plugins.
Preloading 0 native plugins for Editor in 0.00 ms.
Unloading 1409 Unused Serialized files (Serialized files now loaded: 0)
System memory in use before: 157.1 MB.
System memory in use after: 157.2 MB.

Unloading 18 unused Assets to reduce memory usage. Loaded Objects now: 1919.
Total: 1.631503 ms (FindLiveObjects: 0.222355 ms CreateObjectMapping: 0.049480 ms MarkObjects: 1.344152 ms  DeleteObjects: 0.014653 ms)

========================================================================
Received Prepare
Registering precompiled user dll's ...
Registered in 0.004951 seconds.
Begin MonoManager ReloadAssembly
Symbol file LoadedFromMemory doesn't match image /Users/jeffrey/Documents/GitHub/Unity-BalloonBattle/TankBattle/Library/PackageCache/com.unity.ext.nunit@1.0.0/net35/unity-custom/nunit.framework.dll
Native extension for OSXStandalone target not found
Refreshing native plugins compatible for Editor in 0.39 ms, found 1 plugins.
Preloading 0 native plugins for Editor in 0.00 ms.
Mono: successfully reloaded assembly
- Completed reload, in  1.273 seconds
Platform modules already initialized, skipping
Refreshing native plugins compatible for Editor in 0.43 ms, found 1 plugins.
Preloading 0 native plugins for Editor in 0.00 ms.
Unloading 1409 Unused Serialized files (Serialized files now loaded: 0)
System memory in use before: 157.4 MB.
System memory in use after: 157.5 MB.

Unloading 18 unused Assets to reduce memory usage. Loaded Objects now: 1921.
Total: 2.138313 ms (FindLiveObjects: 0.230791 ms CreateObjectMapping: 0.055783 ms MarkObjects: 1.829699 ms  DeleteObjects: 0.020576 ms)

========================================================================
Received Prepare
Registering precompiled user dll's ...
Registered in 0.005774 seconds.
Begin MonoManager ReloadAssembly
Symbol file LoadedFromMemory doesn't match image /Users/jeffrey/Documents/GitHub/Unity-BalloonBattle/TankBattle/Library/PackageCache/com.unity.ext.nunit@1.0.0/net35/unity-custom/nunit.framework.dll
Native extension for OSXStandalone target not found
Refreshing native plugins compatible for Editor in 0.46 ms, found 1 plugins.
Preloading 0 native plugins for Editor in 0.00 ms.
Mono: successfully reloaded assembly
- Completed reload, in  1.209 seconds
Platform modules already initialized, skipping
Refreshing native plugins compatible for Editor in 0.36 ms, found 1 plugins.
Preloading 0 native plugins for Editor in 0.00 ms.
Unloading 1409 Unused Serialized files (Serialized files now loaded: 0)
System memory in use before: 157.6 MB.
System memory in use after: 157.7 MB.

Unloading 18 unused Assets to reduce memory usage. Loaded Objects now: 1923.
Total: 1.897362 ms (FindLiveObjects: 0.202386 ms CreateObjectMapping: 0.049466 ms MarkObjects: 1.623925 ms  DeleteObjects: 0.020036 ms)

========================================================================
Received Prepare
Registering precompiled user dll's ...
Registered in 0.005055 seconds.
Begin MonoManager ReloadAssembly
Symbol file LoadedFromMemory doesn't match image /Users/jeffrey/Documents/GitHub/Unity-BalloonBattle/TankBattle/Library/PackageCache/com.unity.ext.nunit@1.0.0/net35/unity-custom/nunit.framework.dll
Native extension for OSXStandalone target not found
Refreshing native plugins compatible for Editor in 0.43 ms, found 1 plugins.
Preloading 0 native plugins for Editor in 0.00 ms.
Mono: successfully reloaded assembly
- Completed reload, in  1.275 seconds
Platform modules already initialized, skipping
Refreshing native plugins compatible for Editor in 0.40 ms, found 1 plugins.
Preloading 0 native plugins for Editor in 0.00 ms.
Unloading 1409 Unused Serialized files (Serialized files now loaded: 0)
System memory in use before: 157.8 MB.
System memory in use after: 157.9 MB.

Unloading 18 unused Assets to reduce memory usage. Loaded Objects now: 1925.
Total: 1.677236 ms (FindLiveObjects: 0.195722 ms CreateObjectMapping: 0.051345 ms MarkObjects: 1.414851 ms  DeleteObjects: 0.014443 ms)

========================================================================
Received Prepare
Registering precompiled user dll's ...
Registered in 0.003261 seconds.
Begin MonoManager ReloadAssembly
Symbol file LoadedFromMemory doesn't match image /Users/jeffrey/Documents/GitHub/Unity-BalloonBattle/TankBattle/Library/PackageCache/com.unity.ext.nunit@1.0.0/net35/unity-custom/nunit.framework.dll
Native extension for OSXStandalone target not found
Refreshing native plugins compatible for Editor in 0.44 ms, found 1 plugins.
Preloading 0 native plugins for Editor in 0.00 ms.
Mono: successfully reloaded assembly
- Completed reload, in  1.334 seconds
Platform modules already initialized, skipping
Refreshing native plugins compatible for Editor in 0.47 ms, found 1 plugins.
Preloading 0 native plugins for Editor in 0.00 ms.
Unloading 1409 Unused Serialized files (Serialized files now loaded: 0)
System memory in use before: 158.1 MB.
System memory in use after: 158.2 MB.

Unloading 18 unused Assets to reduce memory usage. Loaded Objects now: 1927.
Total: 2.136682 ms (FindLiveObjects: 0.344480 ms CreateObjectMapping: 0.069987 ms MarkObjects: 1.699492 ms  DeleteObjects: 0.021159 ms)

========================================================================
Received Prepare
Registering precompiled user dll's ...
Registered in 0.008207 seconds.
Begin MonoManager ReloadAssembly
Symbol file LoadedFromMemory doesn't match image /Users/jeffrey/Documents/GitHub/Unity-BalloonBattle/TankBattle/Library/PackageCache/com.unity.ext.nunit@1.0.0/net35/unity-custom/nunit.framework.dll
Native extension for OSXStandalone target not found
Refreshing native plugins compatible for Editor in 1.03 ms, found 1 plugins.
Preloading 0 native plugins for Editor in 0.00 ms.
Mono: successfully reloaded assembly
- Completed reload, in  1.493 seconds
Platform modules already initialized, skipping
Refreshing native plugins compatible for Editor in 0.52 ms, found 1 plugins.
Preloading 0 native plugins for Editor in 0.00 ms.
Unloading 1409 Unused Serialized files (Serialized files now loaded: 0)
System memory in use before: 158.3 MB.
System memory in use after: 158.4 MB.

Unloading 18 unused Assets to reduce memory usage. Loaded Objects now: 1929.
Total: 2.258828 ms (FindLiveObjects: 0.205376 ms CreateObjectMapping: 0.057795 ms MarkObjects: 1.966830 ms  DeleteObjects: 0.025992 ms)

AssetImportWorkerClient::OnTransportError - code=2 error=End of file
