Using pre-set license

 COMMAND LINE ARGUMENTS:
/Applications/Unity/Hub/Editor/2020.3.7f1/Unity.app/Contents/MacOS/Unity
-adb2
-batchMode
-noUpm
-name
AssetImportWorker0
-projectPath
/Users/jeffrey/Documents/GitHub/Unity-BalloonBattle/TankBattle
-logFile
Logs/AssetImportWorker0.log
-srvPort
55727
Successfully changed project path to: /Users/jeffrey/Documents/GitHub/Unity-BalloonBattle/TankBattle
/Users/jeffrey/Documents/GitHub/Unity-BalloonBattle/TankBattle
Using Asset Import Pipeline V2.
Refreshing native plugins compatible for Editor in 35.19 ms, found 0 plugins.
Preloading 0 native plugins for Editor in 0.00 ms.
Initialize engine version: 2020.3.7f1 (dd97f2c94397)
[Subsystems] Discovering subsystems at path /Applications/Unity/Hub/Editor/2020.3.7f1/Unity.app/Contents/Resources/UnitySubsystems
[Subsystems] Discovering subsystems at path /Users/jeffrey/Documents/GitHub/Unity-BalloonBattle/TankBattle/Assets
GfxDevice: creating device client; threaded=0
2021-05-17 10:38:33.565 Unity[15172:953924] Color LCD preferred device: AMD Radeon Pro 5300M (high power)
2021-05-17 10:38:33.565 Unity[15172:953924] Metal devices available: 2
2021-05-17 10:38:33.566 Unity[15172:953924] 0: AMD Radeon Pro 5300M (high power)
2021-05-17 10:38:33.566 Unity[15172:953924] 1: Intel(R) UHD Graphics 630 (low power)
2021-05-17 10:38:33.566 Unity[15172:953924] Using device AMD Radeon Pro 5300M (high power)
Initializing Metal device caps: AMD Radeon Pro 5300M
Initialize mono
Mono path[0] = '/Applications/Unity/Hub/Editor/2020.3.7f1/Unity.app/Contents/Managed'
Mono path[1] = '/Applications/Unity/Hub/Editor/2020.3.7f1/Unity.app/Contents/MonoBleedingEdge/lib/mono/unityjit'
Mono config path = '/Applications/Unity/Hub/Editor/2020.3.7f1/Unity.app/Contents/MonoBleedingEdge/etc'
Using monoOptions --debugger-agent=transport=dt_socket,embedding=1,server=y,suspend=n,address=127.0.0.1:56172
Begin MonoManager ReloadAssembly
Registering precompiled unity dll's ...
Register platform support module: /Applications/Unity/Hub/Editor/2020.3.7f1/Unity.app/Contents/PlaybackEngines/MacStandaloneSupport/UnityEditor.OSXStandalone.Extensions.dll
Registered in 0.002027 seconds.
Native extension for OSXStandalone target not found
Refreshing native plugins compatible for Editor in 29.09 ms, found 0 plugins.
Preloading 0 native plugins for Editor in 0.00 ms.
Mono: successfully reloaded assembly
- Completed reload, in  1.728 seconds
Platform modules already initialized, skipping
Registering precompiled user dll's ...
Registered in 0.003649 seconds.
Begin MonoManager ReloadAssembly
Symbol file LoadedFromMemory doesn't match image /Users/jeffrey/Documents/GitHub/Unity-BalloonBattle/TankBattle/Library/PackageCache/com.unity.ext.nunit@1.0.0/net35/unity-custom/nunit.framework.dll
Native extension for OSXStandalone target not found
Refreshing native plugins compatible for Editor in 0.29 ms, found 0 plugins.
Preloading 0 native plugins for Editor in 0.00 ms.
Mono: successfully reloaded assembly
- Completed reload, in  1.065 seconds
Platform modules already initialized, skipping
========================================================================
Worker process is ready to serve import requests
Launching external process: /Applications/Unity/Hub/Editor/2020.3.7f1/Unity.app/Contents/Tools/UnityShaderCompiler
Launched and connected shader compiler UnityShaderCompiler after 0.01 seconds
Refreshing native plugins compatible for Editor in 0.32 ms, found 0 plugins.
Preloading 0 native plugins for Editor in 0.00 ms.
Unloading 1057 Unused Serialized files (Serialized files now loaded: 0)
System memory in use before: 116.1 MB.
System memory in use after: 116.2 MB.

Unloading 14 unused Assets to reduce memory usage. Loaded Objects now: 1501.
Total: 2.006750 ms (FindLiveObjects: 0.150044 ms CreateObjectMapping: 0.041035 ms MarkObjects: 1.724644 ms  DeleteObjects: 0.090030 ms)

========================================================================
Received Import Request.
  path: Assets/AurynSky/Rockets Missiles and Bombs/Models/Rocket24.fbx
  artifactKey: Guid(55261aca0a15d2b4481a680795f343ec) Importer(815301076,1909f56bfc062723c751e8b465ee728b)
Start importing Assets/AurynSky/Rockets Missiles and Bombs/Models/Rocket24.fbx using Guid(55261aca0a15d2b4481a680795f343ec) Importer(815301076,1909f56bfc062723c751e8b465ee728b)  -> (artifact id: '5a6b7e2983c40324a26c847487cd0ffa') in 1.722537 seconds
  Import took 1.725533 seconds .

========================================================================
Received Import Request.
  Time since last request: 0.000240 seconds.
  path: Assets/AurynSky/Rockets Missiles and Bombs/Models/Rocket04.fbx
  artifactKey: Guid(269b9293741734440bf6d3ae8b0ecdfc) Importer(815301076,1909f56bfc062723c751e8b465ee728b)
Start importing Assets/AurynSky/Rockets Missiles and Bombs/Models/Rocket04.fbx using Guid(269b9293741734440bf6d3ae8b0ecdfc) Importer(815301076,1909f56bfc062723c751e8b465ee728b)  -> (artifact id: '01ba1b4046ddca9615f633a8b4bd9fba') in 0.023870 seconds
  Import took 0.025970 seconds .

========================================================================
Received Import Request.
  Time since last request: 0.000172 seconds.
  path: Assets/AurynSky/Rockets Missiles and Bombs/Models/Rocket13.fbx
  artifactKey: Guid(aaf66b32fc1a1274dac9428916a9f512) Importer(815301076,1909f56bfc062723c751e8b465ee728b)
Start importing Assets/AurynSky/Rockets Missiles and Bombs/Models/Rocket13.fbx using Guid(aaf66b32fc1a1274dac9428916a9f512) Importer(815301076,1909f56bfc062723c751e8b465ee728b)  -> (artifact id: '026c81f10a22e1e481d76892e207ecf9') in 0.026887 seconds
  Import took 0.029115 seconds .

========================================================================
Received Import Request.
  Time since last request: 0.000186 seconds.
  path: Assets/AurynSky/Rockets Missiles and Bombs/Models/Rocket15.fbx
  artifactKey: Guid(1f5bb1d04294e7d4280a3a40b527ac3e) Importer(815301076,1909f56bfc062723c751e8b465ee728b)
Start importing Assets/AurynSky/Rockets Missiles and Bombs/Models/Rocket15.fbx using Guid(1f5bb1d04294e7d4280a3a40b527ac3e) Importer(815301076,1909f56bfc062723c751e8b465ee728b)  -> (artifact id: '3af34a262278d67f51086a2ba01c4684') in 0.016154 seconds
  Import took 0.018269 seconds .

========================================================================
Received Import Request.
  Time since last request: 0.000373 seconds.
  path: Assets/AurynSky/Rockets Missiles and Bombs/Models/Rocket08.fbx
  artifactKey: Guid(68c7945bd83bbc24488f8d6223436435) Importer(815301076,1909f56bfc062723c751e8b465ee728b)
Start importing Assets/AurynSky/Rockets Missiles and Bombs/Models/Rocket08.fbx using Guid(68c7945bd83bbc24488f8d6223436435) Importer(815301076,1909f56bfc062723c751e8b465ee728b)  -> (artifact id: 'e8940ea0023a3416edc4958927e31fd9') in 0.017347 seconds
  Import took 0.019506 seconds .

========================================================================
Received Import Request.
  Time since last request: 0.000184 seconds.
  path: Assets/AurynSky/Rockets Missiles and Bombs/Models/Rocket12.fbx
  artifactKey: Guid(2cc0d580e1f45a54fbcde2699abadfbe) Importer(815301076,1909f56bfc062723c751e8b465ee728b)
Start importing Assets/AurynSky/Rockets Missiles and Bombs/Models/Rocket12.fbx using Guid(2cc0d580e1f45a54fbcde2699abadfbe) Importer(815301076,1909f56bfc062723c751e8b465ee728b)  -> (artifact id: '401ba7c6746c7d0f9ccbc916d05fe2e1') in 0.018326 seconds
  Import took 0.020291 seconds .

========================================================================
Received Import Request.
  Time since last request: 0.000200 seconds.
  path: Assets/AurynSky/Rockets Missiles and Bombs/Models/Rocket20.fbx
  artifactKey: Guid(e675672c9efbede4ba2c974ad7f24bd1) Importer(815301076,1909f56bfc062723c751e8b465ee728b)
Start importing Assets/AurynSky/Rockets Missiles and Bombs/Models/Rocket20.fbx using Guid(e675672c9efbede4ba2c974ad7f24bd1) Importer(815301076,1909f56bfc062723c751e8b465ee728b)  -> (artifact id: '346d7b29af6daecccb58de27889ca8fb') in 0.016535 seconds
  Import took 0.018531 seconds .

========================================================================
Received Import Request.
  Time since last request: 0.000181 seconds.
  path: Assets/AurynSky/Rockets Missiles and Bombs/Models/Rocket05.fbx
  artifactKey: Guid(e5f0ae5b87045c94e98a3a3f91b6dc85) Importer(815301076,1909f56bfc062723c751e8b465ee728b)
Start importing Assets/AurynSky/Rockets Missiles and Bombs/Models/Rocket05.fbx using Guid(e5f0ae5b87045c94e98a3a3f91b6dc85) Importer(815301076,1909f56bfc062723c751e8b465ee728b)  -> (artifact id: '56814b7aea115f97dc37d376a9fe4370') in 0.016776 seconds
  Import took 0.018637 seconds .

========================================================================
Received Import Request.
  Time since last request: 0.000169 seconds.
  path: Assets/AurynSky/Rockets Missiles and Bombs/Models/Rocket18.fbx
  artifactKey: Guid(40ef98e103c383440b8db4bf4a650469) Importer(815301076,1909f56bfc062723c751e8b465ee728b)
Start importing Assets/AurynSky/Rockets Missiles and Bombs/Models/Rocket18.fbx using Guid(40ef98e103c383440b8db4bf4a650469) Importer(815301076,1909f56bfc062723c751e8b465ee728b)  -> (artifact id: '9d48db0c9fd568b1240b275c892ae1cc') in 0.017294 seconds
  Import took 0.019455 seconds .

========================================================================
Received Import Request.
  Time since last request: 0.000188 seconds.
  path: Assets/AurynSky/Rockets Missiles and Bombs/Models/Rocket28.fbx
  artifactKey: Guid(86fc77829a6e78d43a007a5d05e6be45) Importer(815301076,1909f56bfc062723c751e8b465ee728b)
Start importing Assets/AurynSky/Rockets Missiles and Bombs/Models/Rocket28.fbx using Guid(86fc77829a6e78d43a007a5d05e6be45) Importer(815301076,1909f56bfc062723c751e8b465ee728b)  -> (artifact id: '482b31c43b818e4e92bf6b09f2d12981') in 0.284746 seconds
  Import took 0.286926 seconds .

========================================================================
Received Import Request.
  Time since last request: 0.000171 seconds.
  path: Assets/AurynSky/Rockets Missiles and Bombs/Models/Rocket23.fbx
  artifactKey: Guid(b870450fc3cf4b148af930fc85b1cb33) Importer(815301076,1909f56bfc062723c751e8b465ee728b)
Start importing Assets/AurynSky/Rockets Missiles and Bombs/Models/Rocket23.fbx using Guid(b870450fc3cf4b148af930fc85b1cb33) Importer(815301076,1909f56bfc062723c751e8b465ee728b)  -> (artifact id: '213340a8f5cc854047bd973e89ca326f') in 0.018284 seconds
  Import took 0.020231 seconds .

========================================================================
Received Import Request.
  Time since last request: 0.000183 seconds.
  path: Assets/AurynSky/Rockets Missiles and Bombs/Models/Rocket09.fbx
  artifactKey: Guid(d705a6b4d5784b04fa56134079f39e6d) Importer(815301076,1909f56bfc062723c751e8b465ee728b)
Start importing Assets/AurynSky/Rockets Missiles and Bombs/Models/Rocket09.fbx using Guid(d705a6b4d5784b04fa56134079f39e6d) Importer(815301076,1909f56bfc062723c751e8b465ee728b)  -> (artifact id: 'e02baa3a8a0b41362bd08e5e9f31dd50') in 0.018403 seconds
  Import took 0.021133 seconds .

========================================================================
Received Import Request.
  Time since last request: 0.000311 seconds.
  path: Assets/AurynSky/Rockets Missiles and Bombs/Models/Rocket14.fbx
  artifactKey: Guid(22eca42868f30c24ab3c2f251d237633) Importer(815301076,1909f56bfc062723c751e8b465ee728b)
Start importing Assets/AurynSky/Rockets Missiles and Bombs/Models/Rocket14.fbx using Guid(22eca42868f30c24ab3c2f251d237633) Importer(815301076,1909f56bfc062723c751e8b465ee728b)  -> (artifact id: '4228d397c2292cf56e8723db0bea6e49') in 0.017796 seconds
  Import took 0.019823 seconds .

========================================================================
Received Import Request.
  Time since last request: 0.000173 seconds.
  path: Assets/AurynSky/Rockets Missiles and Bombs/Models/Rocket29.fbx
  artifactKey: Guid(5bb10a455c42fbd4db3364f122c26a79) Importer(815301076,1909f56bfc062723c751e8b465ee728b)
Start importing Assets/AurynSky/Rockets Missiles and Bombs/Models/Rocket29.fbx using Guid(5bb10a455c42fbd4db3364f122c26a79) Importer(815301076,1909f56bfc062723c751e8b465ee728b)  -> (artifact id: '37b94a3cba0567bfdb5ae2523afcbdf0') in 0.017322 seconds
  Import took 0.019633 seconds .

========================================================================
Received Import Request.
  Time since last request: 0.000310 seconds.
  path: Assets/AurynSky/Rockets Missiles and Bombs/Models/Rocket07.fbx
  artifactKey: Guid(84a51c006a270a441a3abc0526b64060) Importer(815301076,1909f56bfc062723c751e8b465ee728b)
Start importing Assets/AurynSky/Rockets Missiles and Bombs/Models/Rocket07.fbx using Guid(84a51c006a270a441a3abc0526b64060) Importer(815301076,1909f56bfc062723c751e8b465ee728b)  -> (artifact id: 'd1acc8599e3da52c03e90743b652b4ff') in 0.023176 seconds
  Import took 0.025412 seconds .

========================================================================
Received Import Request.
  Time since last request: 0.000188 seconds.
  path: Assets/AurynSky/Rockets Missiles and Bombs/Models/Rocket30.fbx
  artifactKey: Guid(93aa6b0374cbc5d429b7fef4523e1650) Importer(815301076,1909f56bfc062723c751e8b465ee728b)
Start importing Assets/AurynSky/Rockets Missiles and Bombs/Models/Rocket30.fbx using Guid(93aa6b0374cbc5d429b7fef4523e1650) Importer(815301076,1909f56bfc062723c751e8b465ee728b)  -> (artifact id: '85e190128089e2bd75280958b1288b21') in 0.019178 seconds
  Import took 0.021225 seconds .

========================================================================
Received Import Request.
  Time since last request: 0.000188 seconds.
  path: Assets/AurynSky/Rockets Missiles and Bombs/Models/Rocket21.fbx
  artifactKey: Guid(377c635e6ac08e6419ccdc298b66e44b) Importer(815301076,1909f56bfc062723c751e8b465ee728b)
Start importing Assets/AurynSky/Rockets Missiles and Bombs/Models/Rocket21.fbx using Guid(377c635e6ac08e6419ccdc298b66e44b) Importer(815301076,1909f56bfc062723c751e8b465ee728b)  -> (artifact id: 'fb48c6eec862d2b80c0ee8cc11236c6b') in 0.016824 seconds
  Import took 0.019004 seconds .

========================================================================
Received Import Request.
  Time since last request: 0.000187 seconds.
  path: Assets/AurynSky/Rockets Missiles and Bombs/Models/Rocket27.fbx
  artifactKey: Guid(ed244208472a4e048835974f57110a96) Importer(815301076,1909f56bfc062723c751e8b465ee728b)
Start importing Assets/AurynSky/Rockets Missiles and Bombs/Models/Rocket27.fbx using Guid(ed244208472a4e048835974f57110a96) Importer(815301076,1909f56bfc062723c751e8b465ee728b)  -> (artifact id: '84e28a9e9e11c871b87dc9b74d0d0364') in 0.019161 seconds
  Import took 0.021170 seconds .

========================================================================
Received Import Request.
  Time since last request: 0.000174 seconds.
  path: Assets/AurynSky/Rockets Missiles and Bombs/Models/Rocket22.fbx
  artifactKey: Guid(2ccc24499812f424389f3c1c4eb4edb6) Importer(815301076,1909f56bfc062723c751e8b465ee728b)
Start importing Assets/AurynSky/Rockets Missiles and Bombs/Models/Rocket22.fbx using Guid(2ccc24499812f424389f3c1c4eb4edb6) Importer(815301076,1909f56bfc062723c751e8b465ee728b)  -> (artifact id: '33106d4b817072d43d4f549743ca80e0') in 0.017723 seconds
  Import took 0.019653 seconds .

========================================================================
Received Import Request.
  Time since last request: 0.000175 seconds.
  path: Assets/AurynSky/Rockets Missiles and Bombs/Models/Rocket19.fbx
  artifactKey: Guid(70b1c37933702514a9b7c1cded1042d3) Importer(815301076,1909f56bfc062723c751e8b465ee728b)
Start importing Assets/AurynSky/Rockets Missiles and Bombs/Models/Rocket19.fbx using Guid(70b1c37933702514a9b7c1cded1042d3) Importer(815301076,1909f56bfc062723c751e8b465ee728b)  -> (artifact id: 'f7c1bae0b4effc6916bf1f7c25cf7606') in 0.022138 seconds
  Import took 0.024683 seconds .

========================================================================
Received Import Request.
  Time since last request: 0.000270 seconds.
  path: Assets/AurynSky/Rockets Missiles and Bombs/Models/Rocket06.fbx
  artifactKey: Guid(0094b425812d49548913a84e817fac7e) Importer(815301076,1909f56bfc062723c751e8b465ee728b)
Start importing Assets/AurynSky/Rockets Missiles and Bombs/Models/Rocket06.fbx using Guid(0094b425812d49548913a84e817fac7e) Importer(815301076,1909f56bfc062723c751e8b465ee728b)  -> (artifact id: '744910f1a0e52e2ab8a4b3f1faae07bd') in 0.019684 seconds
  Import took 0.022270 seconds .

========================================================================
Received Import Request.
  Time since last request: 0.000172 seconds.
  path: Assets/AurynSky/Rockets Missiles and Bombs/Models/Rocket10.fbx
  artifactKey: Guid(70885693ea99b8749b751f80202232a3) Importer(815301076,1909f56bfc062723c751e8b465ee728b)
Start importing Assets/AurynSky/Rockets Missiles and Bombs/Models/Rocket10.fbx using Guid(70885693ea99b8749b751f80202232a3) Importer(815301076,1909f56bfc062723c751e8b465ee728b)  -> (artifact id: '21ec27b90643752521a19fa163cb9e15') in 0.017364 seconds
  Import took 0.019336 seconds .

========================================================================
Received Import Request.
  Time since last request: 0.000186 seconds.
  path: Assets/AurynSky/Rockets Missiles and Bombs/Models/Rocket16.fbx
  artifactKey: Guid(5fd96a7c4093fe34584ee81d09520bea) Importer(815301076,1909f56bfc062723c751e8b465ee728b)
Start importing Assets/AurynSky/Rockets Missiles and Bombs/Models/Rocket16.fbx using Guid(5fd96a7c4093fe34584ee81d09520bea) Importer(815301076,1909f56bfc062723c751e8b465ee728b)  -> (artifact id: 'f5e9248e1849db45896e4d9e7e1bbdc7') in 0.018404 seconds
  Import took 0.020606 seconds .

========================================================================
Received Import Request.
  Time since last request: 0.000179 seconds.
  path: Assets/AurynSky/Rockets Missiles and Bombs/Models/Rocket01.fbx
  artifactKey: Guid(dd38f665ad77be340856868cb8cecb1f) Importer(815301076,1909f56bfc062723c751e8b465ee728b)
Start importing Assets/AurynSky/Rockets Missiles and Bombs/Models/Rocket01.fbx using Guid(dd38f665ad77be340856868cb8cecb1f) Importer(815301076,1909f56bfc062723c751e8b465ee728b)  -> (artifact id: '0bec78f7567a3063ea05629c32c0713c') in 0.018173 seconds
  Import took 0.020168 seconds .

========================================================================
Received Import Request.
  Time since last request: 0.000189 seconds.
  path: Assets/AurynSky/Rockets Missiles and Bombs/Models/Rocket02.fbx
  artifactKey: Guid(85cc38624ef3ca746aadd9e5364dab2d) Importer(815301076,1909f56bfc062723c751e8b465ee728b)
Start importing Assets/AurynSky/Rockets Missiles and Bombs/Models/Rocket02.fbx using Guid(85cc38624ef3ca746aadd9e5364dab2d) Importer(815301076,1909f56bfc062723c751e8b465ee728b)  -> (artifact id: '9c92e8872496d63361cae11ec2a02bb1') in 0.020359 seconds
  Import took 0.022666 seconds .

========================================================================
Received Import Request.
  Time since last request: 0.000263 seconds.
  path: Assets/AurynSky/Rockets Missiles and Bombs/Models/Rocket03.fbx
  artifactKey: Guid(11b6a2a1744ae1c459ae1aba3087bdeb) Importer(815301076,1909f56bfc062723c751e8b465ee728b)
Start importing Assets/AurynSky/Rockets Missiles and Bombs/Models/Rocket03.fbx using Guid(11b6a2a1744ae1c459ae1aba3087bdeb) Importer(815301076,1909f56bfc062723c751e8b465ee728b)  -> (artifact id: 'aa6c702510bcb2079479088966dbad5d') in 0.019143 seconds
  Import took 0.021395 seconds .

========================================================================
Received Import Request.
  Time since last request: 0.000183 seconds.
  path: Assets/AurynSky/Rockets Missiles and Bombs/Models/Rocket25.fbx
  artifactKey: Guid(a24750d7eb60fe945b3ff61bfd264da3) Importer(815301076,1909f56bfc062723c751e8b465ee728b)
Start importing Assets/AurynSky/Rockets Missiles and Bombs/Models/Rocket25.fbx using Guid(a24750d7eb60fe945b3ff61bfd264da3) Importer(815301076,1909f56bfc062723c751e8b465ee728b)  -> (artifact id: '9a7e22507c6c4df57f4ea603a1fcfb89') in 0.019994 seconds
  Import took 0.022550 seconds .

========================================================================
Received Import Request.
  Time since last request: 0.000273 seconds.
  path: Assets/AurynSky/Rockets Missiles and Bombs/Models/Rocket11.fbx
  artifactKey: Guid(c4d63855570bf684fad9b96d6e315096) Importer(815301076,1909f56bfc062723c751e8b465ee728b)
Start importing Assets/AurynSky/Rockets Missiles and Bombs/Models/Rocket11.fbx using Guid(c4d63855570bf684fad9b96d6e315096) Importer(815301076,1909f56bfc062723c751e8b465ee728b)  -> (artifact id: '1d5ff3a555b43f1fd078cf98551991ed') in 0.016115 seconds
  Import took 0.018533 seconds .

========================================================================
Received Import Request.
  Time since last request: 0.000228 seconds.
  path: Assets/AurynSky/Rockets Missiles and Bombs/Models/Rocket17.fbx
  artifactKey: Guid(f609dd87b50e7a84e901dbd4b54f69cf) Importer(815301076,1909f56bfc062723c751e8b465ee728b)
Start importing Assets/AurynSky/Rockets Missiles and Bombs/Models/Rocket17.fbx using Guid(f609dd87b50e7a84e901dbd4b54f69cf) Importer(815301076,1909f56bfc062723c751e8b465ee728b)  -> (artifact id: '735202d3ef91fe20613d0bf8d7d467d5') in 0.016671 seconds
  Import took 0.018774 seconds .

========================================================================
Received Import Request.
  Time since last request: 0.000165 seconds.
  path: Assets/AurynSky/Rockets Missiles and Bombs/Models/Rocket26.fbx
  artifactKey: Guid(e161d2913bca37a44a645d97c1e0c715) Importer(815301076,1909f56bfc062723c751e8b465ee728b)
Start importing Assets/AurynSky/Rockets Missiles and Bombs/Models/Rocket26.fbx using Guid(e161d2913bca37a44a645d97c1e0c715) Importer(815301076,1909f56bfc062723c751e8b465ee728b)  -> (artifact id: '4e9e9eade51e537a94c87b5943586444') in 0.021899 seconds
  Import took 0.023821 seconds .

========================================================================
Received Import Request.
  Time since last request: 1.369104 seconds.
  path: Assets/AurynSky/Rockets Missiles and Bombs/Prefabs/Blue/Rocket01_Blue.prefab
  artifactKey: Guid(40f516eccb18e3d4684374d0984f64fe) Importer(815301076,1909f56bfc062723c751e8b465ee728b)
Start importing Assets/AurynSky/Rockets Missiles and Bombs/Prefabs/Blue/Rocket01_Blue.prefab using Guid(40f516eccb18e3d4684374d0984f64fe) Importer(815301076,1909f56bfc062723c751e8b465ee728b)  -> (artifact id: '75caf515beba356833f236adf1576484') in 0.384608 seconds
  Import took 0.386735 seconds .

========================================================================
Received Import Request.
  Time since last request: 0.000181 seconds.
  path: Assets/AurynSky/Rockets Missiles and Bombs/Prefabs/Blue/Rocket08_Blue.prefab
  artifactKey: Guid(9f303d1f8ba094c4299096ceb21f3ae2) Importer(815301076,1909f56bfc062723c751e8b465ee728b)
Start importing Assets/AurynSky/Rockets Missiles and Bombs/Prefabs/Blue/Rocket08_Blue.prefab using Guid(9f303d1f8ba094c4299096ceb21f3ae2) Importer(815301076,1909f56bfc062723c751e8b465ee728b)  -> (artifact id: '3bad050363f59966b9e1c9957a42e9ba') in 0.013224 seconds
  Import took 0.015329 seconds .

========================================================================
Received Import Request.
  Time since last request: 0.000243 seconds.
  path: Assets/AurynSky/Rockets Missiles and Bombs/Prefabs/Blue/Rocket17_Blue.prefab
  artifactKey: Guid(b59fbbcf93111f54eb0fb67e903c97f5) Importer(815301076,1909f56bfc062723c751e8b465ee728b)
Start importing Assets/AurynSky/Rockets Missiles and Bombs/Prefabs/Blue/Rocket17_Blue.prefab using Guid(b59fbbcf93111f54eb0fb67e903c97f5) Importer(815301076,1909f56bfc062723c751e8b465ee728b)  -> (artifact id: '6133bbb393f41ba420e3866de42c8abd') in 0.011183 seconds
  Import took 0.013234 seconds .

========================================================================
Received Import Request.
  Time since last request: 0.000169 seconds.
  path: Assets/AurynSky/Rockets Missiles and Bombs/Prefabs/Blue/Rocket23_Blue.prefab
  artifactKey: Guid(ad473c8f22a992142a52484b5feb7e76) Importer(815301076,1909f56bfc062723c751e8b465ee728b)
Start importing Assets/AurynSky/Rockets Missiles and Bombs/Prefabs/Blue/Rocket23_Blue.prefab using Guid(ad473c8f22a992142a52484b5feb7e76) Importer(815301076,1909f56bfc062723c751e8b465ee728b)  -> (artifact id: '117b8b4fd6ea71a73e2c4404ad71aa70') in 0.024546 seconds
  Import took 0.026533 seconds .

========================================================================
Received Import Request.
  Time since last request: 0.000209 seconds.
  path: Assets/AurynSky/Rockets Missiles and Bombs/Prefabs/Blue/Rocket21_Blue.prefab
  artifactKey: Guid(3287fceedfae82443be85289d59d1b64) Importer(815301076,1909f56bfc062723c751e8b465ee728b)
Start importing Assets/AurynSky/Rockets Missiles and Bombs/Prefabs/Blue/Rocket21_Blue.prefab using Guid(3287fceedfae82443be85289d59d1b64) Importer(815301076,1909f56bfc062723c751e8b465ee728b)  -> (artifact id: '7faac5d8daf1c978da80ca76fd4a6ce9') in 0.012465 seconds
  Import took 0.014914 seconds .

========================================================================
Received Import Request.
  Time since last request: 0.000176 seconds.
  path: Assets/AurynSky/Rockets Missiles and Bombs/Prefabs/Blue/Rocket14_Blue.prefab
  artifactKey: Guid(32d6e58891d58824f824f55212366ea0) Importer(815301076,1909f56bfc062723c751e8b465ee728b)
Start importing Assets/AurynSky/Rockets Missiles and Bombs/Prefabs/Blue/Rocket14_Blue.prefab using Guid(32d6e58891d58824f824f55212366ea0) Importer(815301076,1909f56bfc062723c751e8b465ee728b)  -> (artifact id: '3b777bdc081df6d7599d0279542d45c9') in 0.011010 seconds
  Import took 0.012951 seconds .

========================================================================
Received Import Request.
  Time since last request: 0.000180 seconds.
  path: Assets/AurynSky/Rockets Missiles and Bombs/Prefabs/Blue/Rocket04_Blue.prefab
  artifactKey: Guid(b934460fd29c83441a9560d469856505) Importer(815301076,1909f56bfc062723c751e8b465ee728b)
Start importing Assets/AurynSky/Rockets Missiles and Bombs/Prefabs/Blue/Rocket04_Blue.prefab using Guid(b934460fd29c83441a9560d469856505) Importer(815301076,1909f56bfc062723c751e8b465ee728b)  -> (artifact id: '67f0a7a416566247f9cd0edd42cc9b1c') in 0.019250 seconds
  Import took 0.021472 seconds .

========================================================================
Received Import Request.
  Time since last request: 0.000185 seconds.
  path: Assets/AurynSky/Rockets Missiles and Bombs/Prefabs/Blue/Rocket28_Blue.prefab
  artifactKey: Guid(7b1ca2bf9ad0c2d4eb381c8e4bf6493b) Importer(815301076,1909f56bfc062723c751e8b465ee728b)
Start importing Assets/AurynSky/Rockets Missiles and Bombs/Prefabs/Blue/Rocket28_Blue.prefab using Guid(7b1ca2bf9ad0c2d4eb381c8e4bf6493b) Importer(815301076,1909f56bfc062723c751e8b465ee728b)  -> (artifact id: '6dabb9ce31c8673bf03f9ae53f168670') in 0.011107 seconds
  Import took 0.013532 seconds .

========================================================================
Received Import Request.
  Time since last request: 0.000175 seconds.
  path: Assets/AurynSky/Rockets Missiles and Bombs/Prefabs/Blue/Rocket03_Blue.prefab
  artifactKey: Guid(ce6c497624b694648ab900bc775d3971) Importer(815301076,1909f56bfc062723c751e8b465ee728b)
Start importing Assets/AurynSky/Rockets Missiles and Bombs/Prefabs/Blue/Rocket03_Blue.prefab using Guid(ce6c497624b694648ab900bc775d3971) Importer(815301076,1909f56bfc062723c751e8b465ee728b)  -> (artifact id: '1210f075e56ac1b539a691703b0fc5af') in 0.011411 seconds
  Import took 0.013630 seconds .

========================================================================
Received Import Request.
  Time since last request: 0.000189 seconds.
  path: Assets/AurynSky/Rockets Missiles and Bombs/Prefabs/Blue/Rocket05_Blue.prefab
  artifactKey: Guid(80581b11eb41ebc4d9eddc774d110551) Importer(815301076,1909f56bfc062723c751e8b465ee728b)
Start importing Assets/AurynSky/Rockets Missiles and Bombs/Prefabs/Blue/Rocket05_Blue.prefab using Guid(80581b11eb41ebc4d9eddc774d110551) Importer(815301076,1909f56bfc062723c751e8b465ee728b)  -> (artifact id: '33348b45ce6671848ce3ef74f25e4eff') in 0.011660 seconds
  Import took 0.013706 seconds .

========================================================================
Received Import Request.
  Time since last request: 0.000176 seconds.
  path: Assets/AurynSky/Rockets Missiles and Bombs/Prefabs/Blue/Rocket24_Blue.prefab
  artifactKey: Guid(b307ca4f6c356734ebbb140f2a961e8a) Importer(815301076,1909f56bfc062723c751e8b465ee728b)
Start importing Assets/AurynSky/Rockets Missiles and Bombs/Prefabs/Blue/Rocket24_Blue.prefab using Guid(b307ca4f6c356734ebbb140f2a961e8a) Importer(815301076,1909f56bfc062723c751e8b465ee728b)  -> (artifact id: '22db44a67b4afa42f6728f5e0f1659a7') in 0.012540 seconds
  Import took 0.014683 seconds .

========================================================================
Received Import Request.
  Time since last request: 0.000209 seconds.
  path: Assets/AurynSky/Rockets Missiles and Bombs/Prefabs/Blue/Rocket11_Blue.prefab
  artifactKey: Guid(2f448f2daa573b94ebfc6a28951422ac) Importer(815301076,1909f56bfc062723c751e8b465ee728b)
Start importing Assets/AurynSky/Rockets Missiles and Bombs/Prefabs/Blue/Rocket11_Blue.prefab using Guid(2f448f2daa573b94ebfc6a28951422ac) Importer(815301076,1909f56bfc062723c751e8b465ee728b)  -> (artifact id: 'f44124f98f21c41d39db246251692a92') in 0.011954 seconds
  Import took 0.013927 seconds .

========================================================================
Received Import Request.
  Time since last request: 0.000192 seconds.
  path: Assets/AurynSky/Rockets Missiles and Bombs/Prefabs/Blue/Rocket18_Blue.prefab
  artifactKey: Guid(5bec6e16ae6824c408c15fcc59774e66) Importer(815301076,1909f56bfc062723c751e8b465ee728b)
Start importing Assets/AurynSky/Rockets Missiles and Bombs/Prefabs/Blue/Rocket18_Blue.prefab using Guid(5bec6e16ae6824c408c15fcc59774e66) Importer(815301076,1909f56bfc062723c751e8b465ee728b)  -> (artifact id: 'd17328f5b366ad3c14c519b9701f3de6') in 0.012304 seconds
  Import took 0.014248 seconds .

========================================================================
Received Import Request.
  Time since last request: 0.000184 seconds.
  path: Assets/AurynSky/Rockets Missiles and Bombs/Prefabs/Blue/Rocket26_Blue.prefab
  artifactKey: Guid(e937dc3bae1db58439f92277a6970ebd) Importer(815301076,1909f56bfc062723c751e8b465ee728b)
Start importing Assets/AurynSky/Rockets Missiles and Bombs/Prefabs/Blue/Rocket26_Blue.prefab using Guid(e937dc3bae1db58439f92277a6970ebd) Importer(815301076,1909f56bfc062723c751e8b465ee728b)  -> (artifact id: 'b8285a3a400defeec122cf38b4a79831') in 0.014688 seconds
  Import took 0.016910 seconds .

========================================================================
Received Import Request.
  Time since last request: 0.000207 seconds.
  path: Assets/AurynSky/Rockets Missiles and Bombs/Prefabs/Blue/Rocket29_Blue.prefab
  artifactKey: Guid(cab13c0078ac69a48a389eef95ba6045) Importer(815301076,1909f56bfc062723c751e8b465ee728b)
Start importing Assets/AurynSky/Rockets Missiles and Bombs/Prefabs/Blue/Rocket29_Blue.prefab using Guid(cab13c0078ac69a48a389eef95ba6045) Importer(815301076,1909f56bfc062723c751e8b465ee728b)  -> (artifact id: '02371f6345602974e479e0a11e14b21c') in 0.012649 seconds
  Import took 0.014657 seconds .

========================================================================
Received Import Request.
  Time since last request: 0.000201 seconds.
  path: Assets/AurynSky/Rockets Missiles and Bombs/Prefabs/Blue/Rocket12_Blue.prefab
  artifactKey: Guid(52f43e7362dc0d24d90679ebb3342e67) Importer(815301076,1909f56bfc062723c751e8b465ee728b)
Start importing Assets/AurynSky/Rockets Missiles and Bombs/Prefabs/Blue/Rocket12_Blue.prefab using Guid(52f43e7362dc0d24d90679ebb3342e67) Importer(815301076,1909f56bfc062723c751e8b465ee728b)  -> (artifact id: 'ca23f17ac9fbed77575ee9d8115899cd') in 0.013056 seconds
  Import took 0.015157 seconds .

========================================================================
Received Import Request.
  Time since last request: 0.000165 seconds.
  path: Assets/AurynSky/Rockets Missiles and Bombs/Prefabs/Blue/Rocket25_Blue.prefab
  artifactKey: Guid(e1df3696af22f8c47ad6131850e98e72) Importer(815301076,1909f56bfc062723c751e8b465ee728b)
Start importing Assets/AurynSky/Rockets Missiles and Bombs/Prefabs/Blue/Rocket25_Blue.prefab using Guid(e1df3696af22f8c47ad6131850e98e72) Importer(815301076,1909f56bfc062723c751e8b465ee728b)  -> (artifact id: '9c196bac09c09281891d9402b21d8729') in 0.011850 seconds
  Import took 0.014191 seconds .

========================================================================
Received Import Request.
  Time since last request: 0.000224 seconds.
  path: Assets/AurynSky/Rockets Missiles and Bombs/Prefabs/Blue/Rocket02_Blue.prefab
  artifactKey: Guid(5819d1d772c12d54d98fe5b1931dd6ba) Importer(815301076,1909f56bfc062723c751e8b465ee728b)
Start importing Assets/AurynSky/Rockets Missiles and Bombs/Prefabs/Blue/Rocket02_Blue.prefab using Guid(5819d1d772c12d54d98fe5b1931dd6ba) Importer(815301076,1909f56bfc062723c751e8b465ee728b)  -> (artifact id: '223027201c6d3d64134f28f3345d89a8') in 0.015423 seconds
  Import took 0.017905 seconds .

========================================================================
Received Import Request.
  Time since last request: 0.000199 seconds.
  path: Assets/AurynSky/Rockets Missiles and Bombs/Prefabs/Blue/Rocket13_Blue.prefab
  artifactKey: Guid(1182726019683be439512e8650ea55ed) Importer(815301076,1909f56bfc062723c751e8b465ee728b)
Start importing Assets/AurynSky/Rockets Missiles and Bombs/Prefabs/Blue/Rocket13_Blue.prefab using Guid(1182726019683be439512e8650ea55ed) Importer(815301076,1909f56bfc062723c751e8b465ee728b)  -> (artifact id: '556c660da6f0c43cb7c984f325d19dfc') in 0.011699 seconds
  Import took 0.013836 seconds .

========================================================================
Received Import Request.
  Time since last request: 0.000179 seconds.
  path: Assets/AurynSky/Rockets Missiles and Bombs/Prefabs/Blue/Rocket20_Blue.prefab
  artifactKey: Guid(e27b3f17703e770488f6117d939da888) Importer(815301076,1909f56bfc062723c751e8b465ee728b)
Start importing Assets/AurynSky/Rockets Missiles and Bombs/Prefabs/Blue/Rocket20_Blue.prefab using Guid(e27b3f17703e770488f6117d939da888) Importer(815301076,1909f56bfc062723c751e8b465ee728b)  -> (artifact id: 'e087294533ac725ae6a49d17b372bbee') in 0.011203 seconds
  Import took 0.013911 seconds .

========================================================================
Received Import Request.
  Time since last request: 0.000181 seconds.
  path: Assets/AurynSky/Rockets Missiles and Bombs/Prefabs/Blue/Rocket22_Blue.prefab
  artifactKey: Guid(e863b60bf7e364c4c9feb81a08e75b0f) Importer(815301076,1909f56bfc062723c751e8b465ee728b)
Start importing Assets/AurynSky/Rockets Missiles and Bombs/Prefabs/Blue/Rocket22_Blue.prefab using Guid(e863b60bf7e364c4c9feb81a08e75b0f) Importer(815301076,1909f56bfc062723c751e8b465ee728b)  -> (artifact id: '5a874af4e26e62ef08bbb7af57852e88') in 0.013058 seconds
  Import took 0.015176 seconds .

========================================================================
Received Import Request.
  Time since last request: 0.000300 seconds.
  path: Assets/AurynSky/Rockets Missiles and Bombs/Prefabs/Blue/Rocket06_Blue.prefab
  artifactKey: Guid(7a2bdb904eb0f7546a832172eeefa7d3) Importer(815301076,1909f56bfc062723c751e8b465ee728b)
Start importing Assets/AurynSky/Rockets Missiles and Bombs/Prefabs/Blue/Rocket06_Blue.prefab using Guid(7a2bdb904eb0f7546a832172eeefa7d3) Importer(815301076,1909f56bfc062723c751e8b465ee728b)  -> (artifact id: 'c4b5ced69a221a363719728f7f2a46f4') in 0.011750 seconds
  Import took 0.013996 seconds .

========================================================================
Received Import Request.
  Time since last request: 0.000202 seconds.
  path: Assets/AurynSky/Rockets Missiles and Bombs/Prefabs/Blue/Rocket10_Blue.prefab
  artifactKey: Guid(4461ab2f7c9b5894abb2247f890cd36b) Importer(815301076,1909f56bfc062723c751e8b465ee728b)
Start importing Assets/AurynSky/Rockets Missiles and Bombs/Prefabs/Blue/Rocket10_Blue.prefab using Guid(4461ab2f7c9b5894abb2247f890cd36b) Importer(815301076,1909f56bfc062723c751e8b465ee728b)  -> (artifact id: 'f42035654b985f9df4cafb836663542a') in 0.012423 seconds
  Import took 0.014406 seconds .

========================================================================
Received Import Request.
  Time since last request: 0.000228 seconds.
  path: Assets/AurynSky/Rockets Missiles and Bombs/Prefabs/Blue/Rocket09_Blue.prefab
  artifactKey: Guid(517acb0350d861042ae93de85999a727) Importer(815301076,1909f56bfc062723c751e8b465ee728b)
Start importing Assets/AurynSky/Rockets Missiles and Bombs/Prefabs/Blue/Rocket09_Blue.prefab using Guid(517acb0350d861042ae93de85999a727) Importer(815301076,1909f56bfc062723c751e8b465ee728b)  -> (artifact id: '23ffe3e414ad95bdd4b7dd79f0b87a2f') in 0.013542 seconds
  Import took 0.015524 seconds .

========================================================================
Received Import Request.
  Time since last request: 0.000187 seconds.
  path: Assets/AurynSky/Rockets Missiles and Bombs/Prefabs/Blue/Rocket16_Blue.prefab
  artifactKey: Guid(f6d00ffdbb9e185408788f60d855b5c4) Importer(815301076,1909f56bfc062723c751e8b465ee728b)
Start importing Assets/AurynSky/Rockets Missiles and Bombs/Prefabs/Blue/Rocket16_Blue.prefab using Guid(f6d00ffdbb9e185408788f60d855b5c4) Importer(815301076,1909f56bfc062723c751e8b465ee728b)  -> (artifact id: 'f53be18ca14346b046a1cd00fee641ae') in 0.013481 seconds
  Import took 0.015522 seconds .

========================================================================
Received Import Request.
  Time since last request: 0.000171 seconds.
  path: Assets/AurynSky/Rockets Missiles and Bombs/Prefabs/Blue/Rocket30_Blue.prefab
  artifactKey: Guid(b4eb0818fdc7cf8428cb8175e70965c9) Importer(815301076,1909f56bfc062723c751e8b465ee728b)
Start importing Assets/AurynSky/Rockets Missiles and Bombs/Prefabs/Blue/Rocket30_Blue.prefab using Guid(b4eb0818fdc7cf8428cb8175e70965c9) Importer(815301076,1909f56bfc062723c751e8b465ee728b)  -> (artifact id: 'cca2cceb8aedcf667e3a74ddf7ba01d5') in 0.011494 seconds
  Import took 0.013434 seconds .

========================================================================
Received Import Request.
  Time since last request: 0.000190 seconds.
  path: Assets/AurynSky/Rockets Missiles and Bombs/Prefabs/Blue/Rocket19_Blue.prefab
  artifactKey: Guid(7498719881dd35b4c8c2af3f51d30ef2) Importer(815301076,1909f56bfc062723c751e8b465ee728b)
Start importing Assets/AurynSky/Rockets Missiles and Bombs/Prefabs/Blue/Rocket19_Blue.prefab using Guid(7498719881dd35b4c8c2af3f51d30ef2) Importer(815301076,1909f56bfc062723c751e8b465ee728b)  -> (artifact id: '70650985ef5205eed75962e0c212c2c3') in 0.012677 seconds
  Import took 0.015306 seconds .

========================================================================
Received Import Request.
  Time since last request: 0.000238 seconds.
  path: Assets/AurynSky/Rockets Missiles and Bombs/Prefabs/Blue/Rocket07_Blue.prefab
  artifactKey: Guid(16a4ec2e735b65d409d7324c2ef09fa4) Importer(815301076,1909f56bfc062723c751e8b465ee728b)
Start importing Assets/AurynSky/Rockets Missiles and Bombs/Prefabs/Blue/Rocket07_Blue.prefab using Guid(16a4ec2e735b65d409d7324c2ef09fa4) Importer(815301076,1909f56bfc062723c751e8b465ee728b)  -> (artifact id: '39e2e0c599671a5b91758717647c17d7') in 0.013305 seconds
  Import took 0.015500 seconds .

========================================================================
Received Import Request.
  Time since last request: 0.000164 seconds.
  path: Assets/AurynSky/Rockets Missiles and Bombs/Prefabs/Blue/Rocket27_Blue.prefab
  artifactKey: Guid(cc85a41767bb66b4bae421b96a923e8d) Importer(815301076,1909f56bfc062723c751e8b465ee728b)
Start importing Assets/AurynSky/Rockets Missiles and Bombs/Prefabs/Blue/Rocket27_Blue.prefab using Guid(cc85a41767bb66b4bae421b96a923e8d) Importer(815301076,1909f56bfc062723c751e8b465ee728b)  -> (artifact id: '26bddabb0be4548df28321de4b1f44bc') in 0.013794 seconds
  Import took 0.016284 seconds .

========================================================================
Received Import Request.
  Time since last request: 0.000174 seconds.
  path: Assets/AurynSky/Rockets Missiles and Bombs/Prefabs/Blue/Rocket15_Blue.prefab
  artifactKey: Guid(71a986c52a8352245ac0b1d491672874) Importer(815301076,1909f56bfc062723c751e8b465ee728b)
Start importing Assets/AurynSky/Rockets Missiles and Bombs/Prefabs/Blue/Rocket15_Blue.prefab using Guid(71a986c52a8352245ac0b1d491672874) Importer(815301076,1909f56bfc062723c751e8b465ee728b)  -> (artifact id: '1af60610f63ce4eb0986b91767cdeff6') in 0.011999 seconds
  Import took 0.014649 seconds .

========================================================================
Received Import Request.
  Time since last request: 5.287849 seconds.
  path: Assets/AurynSky/Rockets Missiles and Bombs/Prefabs/Red/Rocket01_Red.prefab
  artifactKey: Guid(91a268ff863283649ae6dce76cf7ea65) Importer(815301076,1909f56bfc062723c751e8b465ee728b)
Start importing Assets/AurynSky/Rockets Missiles and Bombs/Prefabs/Red/Rocket01_Red.prefab using Guid(91a268ff863283649ae6dce76cf7ea65) Importer(815301076,1909f56bfc062723c751e8b465ee728b)  -> (artifact id: '4546129603f32551645b4242b71ed0ca') in 0.013459 seconds
  Import took 0.015615 seconds .

========================================================================
Received Import Request.
  Time since last request: 0.000193 seconds.
  path: Assets/AurynSky/Rockets Missiles and Bombs/Prefabs/Red/Rocket19_Red.prefab
  artifactKey: Guid(24baf2ca3b369a64b999258f8731be6d) Importer(815301076,1909f56bfc062723c751e8b465ee728b)
Start importing Assets/AurynSky/Rockets Missiles and Bombs/Prefabs/Red/Rocket19_Red.prefab using Guid(24baf2ca3b369a64b999258f8731be6d) Importer(815301076,1909f56bfc062723c751e8b465ee728b)  -> (artifact id: '014658767b0b5b1f8be518f68fdae53a') in 0.011661 seconds
  Import took 0.013635 seconds .

========================================================================
Received Import Request.
  Time since last request: 0.000225 seconds.
  path: Assets/AurynSky/Rockets Missiles and Bombs/Prefabs/Red/Rocket17_Red.prefab
  artifactKey: Guid(14c6510220a5c9948b67eec479577196) Importer(815301076,1909f56bfc062723c751e8b465ee728b)
Start importing Assets/AurynSky/Rockets Missiles and Bombs/Prefabs/Red/Rocket17_Red.prefab using Guid(14c6510220a5c9948b67eec479577196) Importer(815301076,1909f56bfc062723c751e8b465ee728b)  -> (artifact id: 'c426542b8963fbd7a1e12a9ec97c3fb9') in 0.018030 seconds
  Import took 0.020296 seconds .

========================================================================
Received Import Request.
  Time since last request: 0.000173 seconds.
  path: Assets/AurynSky/Rockets Missiles and Bombs/Prefabs/Red/Rocket07_Red.prefab
  artifactKey: Guid(65d7e2f41d2be8e48995bb4070bbeca1) Importer(815301076,1909f56bfc062723c751e8b465ee728b)
Start importing Assets/AurynSky/Rockets Missiles and Bombs/Prefabs/Red/Rocket07_Red.prefab using Guid(65d7e2f41d2be8e48995bb4070bbeca1) Importer(815301076,1909f56bfc062723c751e8b465ee728b)  -> (artifact id: '069a8be5c8fe2fa4435d7e70783c0073') in 0.013411 seconds
  Import took 0.015690 seconds .

========================================================================
Received Import Request.
  Time since last request: 0.000194 seconds.
  path: Assets/AurynSky/Rockets Missiles and Bombs/Prefabs/Red/Rocket04_Red.prefab
  artifactKey: Guid(c8788abf7763abf4f869276b4cb7bb0f) Importer(815301076,1909f56bfc062723c751e8b465ee728b)
Start importing Assets/AurynSky/Rockets Missiles and Bombs/Prefabs/Red/Rocket04_Red.prefab using Guid(c8788abf7763abf4f869276b4cb7bb0f) Importer(815301076,1909f56bfc062723c751e8b465ee728b)  -> (artifact id: '6e7f7cf2f98da55ee87b661a6a79330d') in 0.012297 seconds
  Import took 0.014524 seconds .

========================================================================
Received Import Request.
  Time since last request: 0.000178 seconds.
  path: Assets/AurynSky/Rockets Missiles and Bombs/Prefabs/Red/Rocket10_Red.prefab
  artifactKey: Guid(57369ee17caa1a2499b2aaa832a1134d) Importer(815301076,1909f56bfc062723c751e8b465ee728b)
Start importing Assets/AurynSky/Rockets Missiles and Bombs/Prefabs/Red/Rocket10_Red.prefab using Guid(57369ee17caa1a2499b2aaa832a1134d) Importer(815301076,1909f56bfc062723c751e8b465ee728b)  -> (artifact id: 'a72264b214da95729ecda5c20e5e8ab6') in 0.012544 seconds
  Import took 0.015273 seconds .

========================================================================
Received Import Request.
  Time since last request: 0.000180 seconds.
  path: Assets/AurynSky/Rockets Missiles and Bombs/Prefabs/Red/Rocket15_Red.prefab
  artifactKey: Guid(30f32df10c08f08468621dbc23081810) Importer(815301076,1909f56bfc062723c751e8b465ee728b)
Start importing Assets/AurynSky/Rockets Missiles and Bombs/Prefabs/Red/Rocket15_Red.prefab using Guid(30f32df10c08f08468621dbc23081810) Importer(815301076,1909f56bfc062723c751e8b465ee728b)  -> (artifact id: 'bb725420bbd4b19e80e3bb69f4070a50') in 0.011373 seconds
  Import took 0.013876 seconds .

========================================================================
Received Import Request.
  Time since last request: 0.000206 seconds.
  path: Assets/AurynSky/Rockets Missiles and Bombs/Prefabs/Red/Rocket02_Red.prefab
  artifactKey: Guid(b1ad7ae1ebd75ab41940c2536223f66e) Importer(815301076,1909f56bfc062723c751e8b465ee728b)
Start importing Assets/AurynSky/Rockets Missiles and Bombs/Prefabs/Red/Rocket02_Red.prefab using Guid(b1ad7ae1ebd75ab41940c2536223f66e) Importer(815301076,1909f56bfc062723c751e8b465ee728b)  -> (artifact id: '0858b1c673d4cd93ba36f8f91cf02fff') in 0.011563 seconds
  Import took 0.013932 seconds .

========================================================================
Received Import Request.
  Time since last request: 0.000311 seconds.
  path: Assets/AurynSky/Rockets Missiles and Bombs/Prefabs/Red/Rocket24_Red.prefab
  artifactKey: Guid(1fab09e291a675748a07983b08e234cc) Importer(815301076,1909f56bfc062723c751e8b465ee728b)
Start importing Assets/AurynSky/Rockets Missiles and Bombs/Prefabs/Red/Rocket24_Red.prefab using Guid(1fab09e291a675748a07983b08e234cc) Importer(815301076,1909f56bfc062723c751e8b465ee728b)  -> (artifact id: '555095c9619bc3b004ef000e2858efe7') in 0.011658 seconds
  Import took 0.013991 seconds .

========================================================================
Received Import Request.
  Time since last request: 0.000177 seconds.
  path: Assets/AurynSky/Rockets Missiles and Bombs/Prefabs/Red/Rocket25_Red.prefab
  artifactKey: Guid(c3d2ff021d5e571409f931cdad2dd3f1) Importer(815301076,1909f56bfc062723c751e8b465ee728b)
Start importing Assets/AurynSky/Rockets Missiles and Bombs/Prefabs/Red/Rocket25_Red.prefab using Guid(c3d2ff021d5e571409f931cdad2dd3f1) Importer(815301076,1909f56bfc062723c751e8b465ee728b)  -> (artifact id: '992be598ae11fe2e9cf5d4065d9b5b3c') in 0.012538 seconds
  Import took 0.014759 seconds .

========================================================================
Received Import Request.
  Time since last request: 0.000191 seconds.
  path: Assets/AurynSky/Rockets Missiles and Bombs/Prefabs/Red/Rocket03_Red.prefab
  artifactKey: Guid(8a79481a940f8d848a67ece755ba9762) Importer(815301076,1909f56bfc062723c751e8b465ee728b)
Start importing Assets/AurynSky/Rockets Missiles and Bombs/Prefabs/Red/Rocket03_Red.prefab using Guid(8a79481a940f8d848a67ece755ba9762) Importer(815301076,1909f56bfc062723c751e8b465ee728b)  -> (artifact id: 'd47d302a755490873f312d9956145f50') in 0.012912 seconds
  Import took 0.014856 seconds .

========================================================================
Received Import Request.
  Time since last request: 0.000192 seconds.
  path: Assets/AurynSky/Rockets Missiles and Bombs/Prefabs/Red/Rocket12_Red.prefab
  artifactKey: Guid(dc46eb4c552efd343936da67692d8064) Importer(815301076,1909f56bfc062723c751e8b465ee728b)
Start importing Assets/AurynSky/Rockets Missiles and Bombs/Prefabs/Red/Rocket12_Red.prefab using Guid(dc46eb4c552efd343936da67692d8064) Importer(815301076,1909f56bfc062723c751e8b465ee728b)  -> (artifact id: '44b50f9d7b814c7a6358df6f20cb5e3a') in 0.013988 seconds
  Import took 0.015955 seconds .

========================================================================
Received Import Request.
  Time since last request: 0.000198 seconds.
  path: Assets/AurynSky/Rockets Missiles and Bombs/Prefabs/Red/Rocket21_Red.prefab
  artifactKey: Guid(05c866d08eb8b9442bf7b4c3e8ed5b29) Importer(815301076,1909f56bfc062723c751e8b465ee728b)
Start importing Assets/AurynSky/Rockets Missiles and Bombs/Prefabs/Red/Rocket21_Red.prefab using Guid(05c866d08eb8b9442bf7b4c3e8ed5b29) Importer(815301076,1909f56bfc062723c751e8b465ee728b)  -> (artifact id: '8010b2e115e3a006a6d9eee2aa9e2f1b') in 0.012930 seconds
  Import took 0.015004 seconds .

========================================================================
Received Import Request.
  Time since last request: 0.000186 seconds.
  path: Assets/AurynSky/Rockets Missiles and Bombs/Prefabs/Red/Rocket27_Red.prefab
  artifactKey: Guid(c8fe8285d2bae614d9209e8ede3925cc) Importer(815301076,1909f56bfc062723c751e8b465ee728b)
Start importing Assets/AurynSky/Rockets Missiles and Bombs/Prefabs/Red/Rocket27_Red.prefab using Guid(c8fe8285d2bae614d9209e8ede3925cc) Importer(815301076,1909f56bfc062723c751e8b465ee728b)  -> (artifact id: '649f3c41d796e08b16f1e4b91fee97e5') in 0.012876 seconds
  Import took 0.014922 seconds .

========================================================================
Received Import Request.
  Time since last request: 0.000242 seconds.
  path: Assets/AurynSky/Rockets Missiles and Bombs/Prefabs/Red/Rocket29_Red.prefab
  artifactKey: Guid(f412ceae8eafba746a26c5a178a0251e) Importer(815301076,1909f56bfc062723c751e8b465ee728b)
Start importing Assets/AurynSky/Rockets Missiles and Bombs/Prefabs/Red/Rocket29_Red.prefab using Guid(f412ceae8eafba746a26c5a178a0251e) Importer(815301076,1909f56bfc062723c751e8b465ee728b)  -> (artifact id: '8702b8d1cc07f4a04dd9a3f4c86d3419') in 0.012426 seconds
  Import took 0.014781 seconds .

========================================================================
Received Import Request.
  Time since last request: 0.000180 seconds.
  path: Assets/AurynSky/Rockets Missiles and Bombs/Prefabs/Red/Rocket08_Red.prefab
  artifactKey: Guid(818eebc32ffe82c48a228c6a0845633f) Importer(815301076,1909f56bfc062723c751e8b465ee728b)
Start importing Assets/AurynSky/Rockets Missiles and Bombs/Prefabs/Red/Rocket08_Red.prefab using Guid(818eebc32ffe82c48a228c6a0845633f) Importer(815301076,1909f56bfc062723c751e8b465ee728b)  -> (artifact id: 'ef71bba33d7ae46956fc079b37e6f555') in 0.011548 seconds
  Import took 0.013806 seconds .

========================================================================
Received Import Request.
  Time since last request: 0.000257 seconds.
  path: Assets/AurynSky/Rockets Missiles and Bombs/Prefabs/Red/Rocket22_Red.prefab
  artifactKey: Guid(e31b192fb1e9da74fa71818add9c98ea) Importer(815301076,1909f56bfc062723c751e8b465ee728b)
Start importing Assets/AurynSky/Rockets Missiles and Bombs/Prefabs/Red/Rocket22_Red.prefab using Guid(e31b192fb1e9da74fa71818add9c98ea) Importer(815301076,1909f56bfc062723c751e8b465ee728b)  -> (artifact id: 'b9fc515ccaaf4526a9f3f371ede910ec') in 0.011860 seconds
  Import took 0.014153 seconds .

========================================================================
Received Import Request.
  Time since last request: 0.000189 seconds.
  path: Assets/AurynSky/Rockets Missiles and Bombs/Prefabs/Red/Rocket26_Red.prefab
  artifactKey: Guid(34a5e34bd888e0b4883bb80aa3cd437d) Importer(815301076,1909f56bfc062723c751e8b465ee728b)
Start importing Assets/AurynSky/Rockets Missiles and Bombs/Prefabs/Red/Rocket26_Red.prefab using Guid(34a5e34bd888e0b4883bb80aa3cd437d) Importer(815301076,1909f56bfc062723c751e8b465ee728b)  -> (artifact id: '46d39ac9fad81f868608d409ca04bc04') in 0.012418 seconds
  Import took 0.014393 seconds .

========================================================================
Received Import Request.
  Time since last request: 0.000190 seconds.
  path: Assets/AurynSky/Rockets Missiles and Bombs/Prefabs/Red/Rocket16_Red.prefab
  artifactKey: Guid(720bd4b72fb311c468bfbf618f17263f) Importer(815301076,1909f56bfc062723c751e8b465ee728b)
Start importing Assets/AurynSky/Rockets Missiles and Bombs/Prefabs/Red/Rocket16_Red.prefab using Guid(720bd4b72fb311c468bfbf618f17263f) Importer(815301076,1909f56bfc062723c751e8b465ee728b)  -> (artifact id: '7fbca49d7a0bc4e35fdee6947639490f') in 0.012197 seconds
  Import took 0.014212 seconds .

========================================================================
Received Import Request.
  Time since last request: 0.000197 seconds.
  path: Assets/AurynSky/Rockets Missiles and Bombs/Prefabs/Red/Rocket14_Red.prefab
  artifactKey: Guid(7df9bafe504b33b4b96c2d9c75ce8d26) Importer(815301076,1909f56bfc062723c751e8b465ee728b)
Start importing Assets/AurynSky/Rockets Missiles and Bombs/Prefabs/Red/Rocket14_Red.prefab using Guid(7df9bafe504b33b4b96c2d9c75ce8d26) Importer(815301076,1909f56bfc062723c751e8b465ee728b)  -> (artifact id: '20b84ab83c8b304c94f073ef8271be1f') in 0.011432 seconds
  Import took 0.013405 seconds .

========================================================================
Received Import Request.
  Time since last request: 0.000168 seconds.
  path: Assets/AurynSky/Rockets Missiles and Bombs/Prefabs/Red/Rocket23_Red.prefab
  artifactKey: Guid(dffe57e4e8411e8429b0c5c20a5892d6) Importer(815301076,1909f56bfc062723c751e8b465ee728b)
Start importing Assets/AurynSky/Rockets Missiles and Bombs/Prefabs/Red/Rocket23_Red.prefab using Guid(dffe57e4e8411e8429b0c5c20a5892d6) Importer(815301076,1909f56bfc062723c751e8b465ee728b)  -> (artifact id: '0d2c37cc9a50a237cf2c391a688b83a2') in 0.013397 seconds
  Import took 0.015605 seconds .

========================================================================
Received Import Request.
  Time since last request: 0.000175 seconds.
  path: Assets/AurynSky/Rockets Missiles and Bombs/Prefabs/Red/Rocket30_Red.prefab
  artifactKey: Guid(86e9d2e10cef8204587e6e8114f65bdc) Importer(815301076,1909f56bfc062723c751e8b465ee728b)
Start importing Assets/AurynSky/Rockets Missiles and Bombs/Prefabs/Red/Rocket30_Red.prefab using Guid(86e9d2e10cef8204587e6e8114f65bdc) Importer(815301076,1909f56bfc062723c751e8b465ee728b)  -> (artifact id: 'b861cb322212c95a875947593ec3d71a') in 0.012475 seconds
  Import took 0.014478 seconds .

========================================================================
Received Import Request.
  Time since last request: 0.000210 seconds.
  path: Assets/AurynSky/Rockets Missiles and Bombs/Prefabs/Red/Rocket11_Red.prefab
  artifactKey: Guid(9ed671e46c346d84f91d3c0682968012) Importer(815301076,1909f56bfc062723c751e8b465ee728b)
Start importing Assets/AurynSky/Rockets Missiles and Bombs/Prefabs/Red/Rocket11_Red.prefab using Guid(9ed671e46c346d84f91d3c0682968012) Importer(815301076,1909f56bfc062723c751e8b465ee728b)  -> (artifact id: 'ada816d0b3a4a34d46046a0abde6774d') in 0.012936 seconds
  Import took 0.014971 seconds .

========================================================================
Received Import Request.
  Time since last request: 0.000170 seconds.
  path: Assets/AurynSky/Rockets Missiles and Bombs/Prefabs/Red/Rocket06_Red.prefab
  artifactKey: Guid(82169fb5eac75114e9dae4d2dd916e6f) Importer(815301076,1909f56bfc062723c751e8b465ee728b)
Start importing Assets/AurynSky/Rockets Missiles and Bombs/Prefabs/Red/Rocket06_Red.prefab using Guid(82169fb5eac75114e9dae4d2dd916e6f) Importer(815301076,1909f56bfc062723c751e8b465ee728b)  -> (artifact id: 'a82a8e2a199e93022888ffab083ffde3') in 0.013488 seconds
  Import took 0.016266 seconds .

========================================================================
Received Import Request.
  Time since last request: 0.000271 seconds.
  path: Assets/AurynSky/Rockets Missiles and Bombs/Prefabs/Red/Rocket13_Red.prefab
  artifactKey: Guid(2e6e9603946bad54c93a37ad3dcf5a9e) Importer(815301076,1909f56bfc062723c751e8b465ee728b)
Start importing Assets/AurynSky/Rockets Missiles and Bombs/Prefabs/Red/Rocket13_Red.prefab using Guid(2e6e9603946bad54c93a37ad3dcf5a9e) Importer(815301076,1909f56bfc062723c751e8b465ee728b)  -> (artifact id: '8ca0864c34ff70a8bc5a2a74247647c6') in 0.012817 seconds
  Import took 0.015071 seconds .

========================================================================
Received Import Request.
  Time since last request: 0.000189 seconds.
  path: Assets/AurynSky/Rockets Missiles and Bombs/Prefabs/Red/Rocket20_Red.prefab
  artifactKey: Guid(6a3a8a8cf48e3724caddfc3a5720216c) Importer(815301076,1909f56bfc062723c751e8b465ee728b)
Start importing Assets/AurynSky/Rockets Missiles and Bombs/Prefabs/Red/Rocket20_Red.prefab using Guid(6a3a8a8cf48e3724caddfc3a5720216c) Importer(815301076,1909f56bfc062723c751e8b465ee728b)  -> (artifact id: '2647acaebec73916fde1f0599b455490') in 0.013731 seconds
  Import took 0.015879 seconds .

========================================================================
Received Import Request.
  Time since last request: 0.000196 seconds.
  path: Assets/AurynSky/Rockets Missiles and Bombs/Prefabs/Red/Rocket09_Red.prefab
  artifactKey: Guid(930cc3f14bc84554f8048c12ee59326e) Importer(815301076,1909f56bfc062723c751e8b465ee728b)
Start importing Assets/AurynSky/Rockets Missiles and Bombs/Prefabs/Red/Rocket09_Red.prefab using Guid(930cc3f14bc84554f8048c12ee59326e) Importer(815301076,1909f56bfc062723c751e8b465ee728b)  -> (artifact id: 'a51c8c564d867ea6901694c903a97b16') in 0.012131 seconds
  Import took 0.014502 seconds .

========================================================================
Received Import Request.
  Time since last request: 0.000171 seconds.
  path: Assets/AurynSky/Rockets Missiles and Bombs/Prefabs/Red/Rocket28_Red.prefab
  artifactKey: Guid(35775ab2b578be846a58f7874615a797) Importer(815301076,1909f56bfc062723c751e8b465ee728b)
Start importing Assets/AurynSky/Rockets Missiles and Bombs/Prefabs/Red/Rocket28_Red.prefab using Guid(35775ab2b578be846a58f7874615a797) Importer(815301076,1909f56bfc062723c751e8b465ee728b)  -> (artifact id: 'c8edd9909fb09d138c64d6016b8bf3e0') in 0.013181 seconds
  Import took 0.015655 seconds .

========================================================================
Received Import Request.
  Time since last request: 0.000164 seconds.
  path: Assets/AurynSky/Rockets Missiles and Bombs/Prefabs/Red/Rocket18_Red.prefab
  artifactKey: Guid(ba82ee92e1ad49a49a80b733d3386209) Importer(815301076,1909f56bfc062723c751e8b465ee728b)
Start importing Assets/AurynSky/Rockets Missiles and Bombs/Prefabs/Red/Rocket18_Red.prefab using Guid(ba82ee92e1ad49a49a80b733d3386209) Importer(815301076,1909f56bfc062723c751e8b465ee728b)  -> (artifact id: '861fa52d19402c58639eff311865630d') in 0.011364 seconds
  Import took 0.013213 seconds .

========================================================================
Received Import Request.
  Time since last request: 0.000176 seconds.
  path: Assets/AurynSky/Rockets Missiles and Bombs/Prefabs/Red/Rocket05_Red.prefab
  artifactKey: Guid(d4943850338a69742916d241ab98a327) Importer(815301076,1909f56bfc062723c751e8b465ee728b)
Start importing Assets/AurynSky/Rockets Missiles and Bombs/Prefabs/Red/Rocket05_Red.prefab using Guid(d4943850338a69742916d241ab98a327) Importer(815301076,1909f56bfc062723c751e8b465ee728b)  -> (artifact id: '56bab11fc7cc89812f377211ae957a02') in 0.011732 seconds
  Import took 0.013865 seconds .

AssetImportWorkerClient::OnTransportError - code=2 error=End of file
