Using pre-set license

 COMMAND LINE ARGUMENTS:
/Applications/Unity/Hub/Editor/2020.3.7f1/Unity.app/Contents/MacOS/Unity
-adb2
-batchMode
-noUpm
-name
AssetImportWorker1
-projectPath
/Users/jeffrey/Documents/GitHub/Unity-BalloonBattle/TankBattle
-logFile
Logs/AssetImportWorker1.log
-srvPort
65169
Successfully changed project path to: /Users/jeffrey/Documents/GitHub/Unity-BalloonBattle/TankBattle
/Users/jeffrey/Documents/GitHub/Unity-BalloonBattle/TankBattle
Using Asset Import Pipeline V2.
Refreshing native plugins compatible for Editor in 35.49 ms, found 0 plugins.
Preloading 0 native plugins for Editor in 0.00 ms.
Initialize engine version: 2020.3.7f1 (dd97f2c94397)
[Subsystems] Discovering subsystems at path /Applications/Unity/Hub/Editor/2020.3.7f1/Unity.app/Contents/Resources/UnitySubsystems
[Subsystems] Discovering subsystems at path /Users/jeffrey/Documents/GitHub/Unity-BalloonBattle/TankBattle/Assets
GfxDevice: creating device client; threaded=0
2021-05-29 21:43:21.941 Unity[85001:4201613] Color LCD preferred device: AMD Radeon Pro 5300M (high power)
2021-05-29 21:43:21.941 Unity[85001:4201613] Metal devices available: 2
2021-05-29 21:43:21.941 Unity[85001:4201613] 0: AMD Radeon Pro 5300M (high power)
2021-05-29 21:43:21.941 Unity[85001:4201613] 1: Intel(R) UHD Graphics 630 (low power)
2021-05-29 21:43:21.942 Unity[85001:4201613] Using device AMD Radeon Pro 5300M (high power)
Initializing Metal device caps: AMD Radeon Pro 5300M
Initialize mono
Mono path[0] = '/Applications/Unity/Hub/Editor/2020.3.7f1/Unity.app/Contents/Managed'
Mono path[1] = '/Applications/Unity/Hub/Editor/2020.3.7f1/Unity.app/Contents/MonoBleedingEdge/lib/mono/unityjit'
Mono config path = '/Applications/Unity/Hub/Editor/2020.3.7f1/Unity.app/Contents/MonoBleedingEdge/etc'
Using monoOptions --debugger-agent=transport=dt_socket,embedding=1,server=y,suspend=n,address=127.0.0.1:56001
Begin MonoManager ReloadAssembly
Registering precompiled unity dll's ...
Register platform support module: /Applications/Unity/Hub/Editor/2020.3.7f1/Unity.app/Contents/PlaybackEngines/MacStandaloneSupport/UnityEditor.OSXStandalone.Extensions.dll
Registered in 0.001758 seconds.
Native extension for OSXStandalone target not found
Refreshing native plugins compatible for Editor in 31.42 ms, found 0 plugins.
Preloading 0 native plugins for Editor in 0.00 ms.
Mono: successfully reloaded assembly
- Completed reload, in  1.695 seconds
Platform modules already initialized, skipping
Registering precompiled user dll's ...
Registered in 0.003605 seconds.
Begin MonoManager ReloadAssembly
Symbol file LoadedFromMemory doesn't match image /Users/jeffrey/Documents/GitHub/Unity-BalloonBattle/TankBattle/Library/PackageCache/com.unity.ext.nunit@1.0.0/net35/unity-custom/nunit.framework.dll
Native extension for OSXStandalone target not found
Refreshing native plugins compatible for Editor in 0.28 ms, found 0 plugins.
Preloading 0 native plugins for Editor in 0.00 ms.
Mono: successfully reloaded assembly
- Completed reload, in  1.024 seconds
Platform modules already initialized, skipping
========================================================================
Worker process is ready to serve import requests
Launching external process: /Applications/Unity/Hub/Editor/2020.3.7f1/Unity.app/Contents/Tools/UnityShaderCompiler
Launched and connected shader compiler UnityShaderCompiler after 0.01 seconds
Refreshing native plugins compatible for Editor in 0.30 ms, found 0 plugins.
Preloading 0 native plugins for Editor in 0.00 ms.
Unloading 1160 Unused Serialized files (Serialized files now loaded: 0)
System memory in use before: 120.4 MB.
System memory in use after: 120.5 MB.

Unloading 14 unused Assets to reduce memory usage. Loaded Objects now: 1605.
Total: 1.746804 ms (FindLiveObjects: 0.195067 ms CreateObjectMapping: 0.053534 ms MarkObjects: 1.386969 ms  DeleteObjects: 0.110101 ms)

========================================================================
Received Import Request.
  path: Assets/Boxes/MysteryBox.prefab
  artifactKey: Guid(17158cdf594374cbf9ce8a770ea91aa8) Importer(815301076,1909f56bfc062723c751e8b465ee728b)
Start importing Assets/Boxes/MysteryBox.prefab using Guid(17158cdf594374cbf9ce8a770ea91aa8) Importer(815301076,1909f56bfc062723c751e8b465ee728b)  -> (artifact id: '89cdad08881b84649e48d0fd586ae94f') in 1.051537 seconds
  Import took 1.054455 seconds .

========================================================================
Received Prepare
Registering precompiled user dll's ...
Registered in 0.002270 seconds.
Begin MonoManager ReloadAssembly
Symbol file LoadedFromMemory doesn't match image /Users/jeffrey/Documents/GitHub/Unity-BalloonBattle/TankBattle/Library/PackageCache/com.unity.ext.nunit@1.0.0/net35/unity-custom/nunit.framework.dll
Native extension for OSXStandalone target not found
Refreshing native plugins compatible for Editor in 0.49 ms, found 0 plugins.
Preloading 0 native plugins for Editor in 0.00 ms.
Mono: successfully reloaded assembly
- Completed reload, in  1.156 seconds
Platform modules already initialized, skipping
Refreshing native plugins compatible for Editor in 0.47 ms, found 0 plugins.
Preloading 0 native plugins for Editor in 0.00 ms.
Unloading 1140 Unused Serialized files (Serialized files now loaded: 0)
System memory in use before: 126.9 MB.
System memory in use after: 127.0 MB.

Unloading 9 unused Assets to reduce memory usage. Loaded Objects now: 1614.
Total: 2.469663 ms (FindLiveObjects: 0.250821 ms CreateObjectMapping: 0.070780 ms MarkObjects: 2.124930 ms  DeleteObjects: 0.021764 ms)

========================================================================
Received Prepare
Registering precompiled user dll's ...
Registered in 0.004157 seconds.
Begin MonoManager ReloadAssembly
Symbol file LoadedFromMemory doesn't match image /Users/jeffrey/Documents/GitHub/Unity-BalloonBattle/TankBattle/Library/PackageCache/com.unity.ext.nunit@1.0.0/net35/unity-custom/nunit.framework.dll
Native extension for OSXStandalone target not found
Refreshing native plugins compatible for Editor in 0.32 ms, found 0 plugins.
Preloading 0 native plugins for Editor in 0.00 ms.
Mono: successfully reloaded assembly
- Completed reload, in  1.041 seconds
Platform modules already initialized, skipping
Refreshing native plugins compatible for Editor in 0.32 ms, found 0 plugins.
Preloading 0 native plugins for Editor in 0.00 ms.
Unloading 1140 Unused Serialized files (Serialized files now loaded: 0)
System memory in use before: 127.2 MB.
System memory in use after: 127.3 MB.

Unloading 9 unused Assets to reduce memory usage. Loaded Objects now: 1616.
Total: 1.428588 ms (FindLiveObjects: 0.135001 ms CreateObjectMapping: 0.034388 ms MarkObjects: 1.246089 ms  DeleteObjects: 0.012381 ms)

========================================================================
Received Prepare
Registering precompiled user dll's ...
Registered in 0.001039 seconds.
Begin MonoManager ReloadAssembly
Symbol file LoadedFromMemory doesn't match image /Users/jeffrey/Documents/GitHub/Unity-BalloonBattle/TankBattle/Library/PackageCache/com.unity.ext.nunit@1.0.0/net35/unity-custom/nunit.framework.dll
Native extension for OSXStandalone target not found
Refreshing native plugins compatible for Editor in 0.34 ms, found 0 plugins.
Preloading 0 native plugins for Editor in 0.00 ms.
Mono: successfully reloaded assembly
- Completed reload, in  1.062 seconds
Platform modules already initialized, skipping
Refreshing native plugins compatible for Editor in 0.30 ms, found 0 plugins.
Preloading 0 native plugins for Editor in 0.00 ms.
Unloading 1140 Unused Serialized files (Serialized files now loaded: 0)
System memory in use before: 127.4 MB.
System memory in use after: 127.5 MB.

Unloading 9 unused Assets to reduce memory usage. Loaded Objects now: 1618.
Total: 1.609117 ms (FindLiveObjects: 0.141621 ms CreateObjectMapping: 0.038614 ms MarkObjects: 1.409685 ms  DeleteObjects: 0.017559 ms)

========================================================================
Received Prepare
Registering precompiled user dll's ...
Registered in 0.004350 seconds.
Begin MonoManager ReloadAssembly
Symbol file LoadedFromMemory doesn't match image /Users/jeffrey/Documents/GitHub/Unity-BalloonBattle/TankBattle/Library/PackageCache/com.unity.ext.nunit@1.0.0/net35/unity-custom/nunit.framework.dll
Native extension for OSXStandalone target not found
Refreshing native plugins compatible for Editor in 0.29 ms, found 0 plugins.
Preloading 0 native plugins for Editor in 0.00 ms.
Mono: successfully reloaded assembly
- Completed reload, in  1.023 seconds
Platform modules already initialized, skipping
Refreshing native plugins compatible for Editor in 0.32 ms, found 0 plugins.
Preloading 0 native plugins for Editor in 0.00 ms.
Unloading 1140 Unused Serialized files (Serialized files now loaded: 0)
System memory in use before: 127.6 MB.
System memory in use after: 127.7 MB.

Unloading 9 unused Assets to reduce memory usage. Loaded Objects now: 1620.
Total: 1.453361 ms (FindLiveObjects: 0.205132 ms CreateObjectMapping: 0.046987 ms MarkObjects: 1.187341 ms  DeleteObjects: 0.012983 ms)

========================================================================
Received Import Request.
  Time since last request: 396.073445 seconds.
  path: Assets/Missiles/RedRocket.prefab
  artifactKey: Guid(930cc3f14bc84554f8048c12ee59326e) Importer(815301076,1909f56bfc062723c751e8b465ee728b)
Start importing Assets/Missiles/RedRocket.prefab using Guid(930cc3f14bc84554f8048c12ee59326e) Importer(815301076,1909f56bfc062723c751e8b465ee728b)  -> (artifact id: '437023069abf17c7612b43181cb6d8fb') in 0.079308 seconds
  Import took 0.082607 seconds .

